<?xml version="1.0" encoding="UTF-8"?>
<testsuite name="com.example.rqchallenge.employees.service.EmployeeServiceTest" tests="22" skipped="0" failures="0" errors="0" timestamp="2024-02-19T15:36:46" hostname="Biswajits-MacBook-Pro.local" time="2.174">
  <properties/>
  <testcase name="testGetHighestSalaryOfEmployees2()" classname="com.example.rqchallenge.employees.service.EmployeeServiceTest" time="0.412"/>
  <testcase name="testGetHighestSalaryOfEmployees3()" classname="com.example.rqchallenge.employees.service.EmployeeServiceTest" time="0.059"/>
  <testcase name="testGetHighestSalaryOfEmployees4()" classname="com.example.rqchallenge.employees.service.EmployeeServiceTest" time="0.041"/>
  <testcase name="testGetTopTenHighestEarningEmployeeNames()" classname="com.example.rqchallenge.employees.service.EmployeeServiceTest" time="0.133"/>
  <testcase name="testGetHighestSalaryOfEmployees()" classname="com.example.rqchallenge.employees.service.EmployeeServiceTest" time="0.036"/>
  <testcase name="testDeleteEmployeeById()" classname="com.example.rqchallenge.employees.service.EmployeeServiceTest" time="0.083"/>
  <testcase name="testGetEmployeeById()" classname="com.example.rqchallenge.employees.service.EmployeeServiceTest" time="0.059"/>
  <testcase name="testGetEmployeeById2()" classname="com.example.rqchallenge.employees.service.EmployeeServiceTest" time="0.069"/>
  <testcase name="testGetEmployeesByNameSearch2()" classname="com.example.rqchallenge.employees.service.EmployeeServiceTest" time="0.084"/>
  <testcase name="testDeleteEmployeeById2()" classname="com.example.rqchallenge.employees.service.EmployeeServiceTest" time="0.066"/>
  <testcase name="testCreateEmployee()" classname="com.example.rqchallenge.employees.service.EmployeeServiceTest" time="0.13"/>
  <testcase name="testGetAllEmployees()" classname="com.example.rqchallenge.employees.service.EmployeeServiceTest" time="0.053"/>
  <testcase name="testCreateEmployee2()" classname="com.example.rqchallenge.employees.service.EmployeeServiceTest" time="0.066"/>
  <testcase name="testCreateEmployee3()" classname="com.example.rqchallenge.employees.service.EmployeeServiceTest" time="0.063"/>
  <testcase name="testCreateEmployee4()" classname="com.example.rqchallenge.employees.service.EmployeeServiceTest" time="0.044"/>
  <testcase name="testGetTopTenHighestEarningEmployeeNames2()" classname="com.example.rqchallenge.employees.service.EmployeeServiceTest" time="0.036"/>
  <testcase name="testGetTopTenHighestEarningEmployeeNames3()" classname="com.example.rqchallenge.employees.service.EmployeeServiceTest" time="0.032"/>
  <testcase name="testGetTopTenHighestEarningEmployeeNames4()" classname="com.example.rqchallenge.employees.service.EmployeeServiceTest" time="0.044"/>
  <testcase name="testGetAllEmployees2()" classname="com.example.rqchallenge.employees.service.EmployeeServiceTest" time="0.081"/>
  <testcase name="testGetAllEmployees3()" classname="com.example.rqchallenge.employees.service.EmployeeServiceTest" time="0.077"/>
  <testcase name="testGetAllEmployees4()" classname="com.example.rqchallenge.employees.service.EmployeeServiceTest" time="0.02"/>
  <testcase name="testGetEmployeesByNameSearch()" classname="com.example.rqchallenge.employees.service.EmployeeServiceTest" time="0.036"/>
  <system-out><![CDATA[21:06:41.357 [Test worker] DEBUG org.springframework.test.context.BootstrapUtils - Instantiating CacheAwareContextLoaderDelegate from class [org.springframework.test.context.cache.DefaultCacheAwareContextLoaderDelegate]
21:06:41.457 [Test worker] DEBUG org.springframework.test.context.BootstrapUtils - Instantiating BootstrapContext using constructor [public org.springframework.test.context.support.DefaultBootstrapContext(java.lang.Class,org.springframework.test.context.CacheAwareContextLoaderDelegate)]
21:06:41.653 [Test worker] DEBUG org.springframework.test.context.BootstrapUtils - Instantiating TestContextBootstrapper for test class [com.example.rqchallenge.employees.service.EmployeeServiceTest] from class [org.springframework.test.context.support.DefaultTestContextBootstrapper]
21:06:41.711 [Test worker] DEBUG org.springframework.test.context.support.AbstractDelegatingSmartContextLoader - Delegating to AnnotationConfigContextLoader to process context configuration [ContextConfigurationAttributes@315f43d5 declaringClass = 'com.example.rqchallenge.employees.service.EmployeeServiceTest', classes = '{class com.example.rqchallenge.employees.service.EmployeeService}', locations = '{}', inheritLocations = true, initializers = '{}', inheritInitializers = true, name = [null], contextLoaderClass = 'org.springframework.test.context.ContextLoader'].
21:06:42.111 [Test worker] DEBUG org.springframework.test.context.support.ActiveProfilesUtils - Could not find an 'annotation declaring class' for annotation type [org.springframework.test.context.ActiveProfiles] and class [com.example.rqchallenge.employees.service.EmployeeServiceTest]
21:06:42.113 [Test worker] DEBUG org.springframework.test.context.support.DefaultTestContextBootstrapper - @TestExecutionListeners is not present for class [com.example.rqchallenge.employees.service.EmployeeServiceTest]: using defaults.
21:06:42.117 [Test worker] INFO org.springframework.test.context.support.DefaultTestContextBootstrapper - Loaded default TestExecutionListener class names from location [META-INF/spring.factories]: [org.springframework.boot.test.autoconfigure.restdocs.RestDocsTestExecutionListener, org.springframework.boot.test.autoconfigure.web.client.MockRestServiceServerResetTestExecutionListener, org.springframework.boot.test.autoconfigure.web.servlet.MockMvcPrintOnlyOnFailureTestExecutionListener, org.springframework.boot.test.autoconfigure.web.servlet.WebDriverTestExecutionListener, org.springframework.boot.test.autoconfigure.webservices.client.MockWebServiceServerTestExecutionListener, org.springframework.boot.test.mock.mockito.MockitoTestExecutionListener, org.springframework.boot.test.mock.mockito.ResetMocksTestExecutionListener, org.springframework.test.context.web.ServletTestExecutionListener, org.springframework.test.context.support.DirtiesContextBeforeModesTestExecutionListener, org.springframework.test.context.event.ApplicationEventsTestExecutionListener, org.springframework.test.context.support.DependencyInjectionTestExecutionListener, org.springframework.test.context.support.DirtiesContextTestExecutionListener, org.springframework.test.context.transaction.TransactionalTestExecutionListener, org.springframework.test.context.jdbc.SqlScriptsTestExecutionListener, org.springframework.test.context.event.EventPublishingTestExecutionListener]
21:06:42.153 [Test worker] DEBUG org.springframework.test.context.support.DefaultTestContextBootstrapper - Skipping candidate TestExecutionListener [org.springframework.test.context.transaction.TransactionalTestExecutionListener] due to a missing dependency. Specify custom listener classes or make the default listener classes and their required dependencies available. Offending class: [org/springframework/transaction/TransactionDefinition]
21:06:42.158 [Test worker] DEBUG org.springframework.test.context.support.DefaultTestContextBootstrapper - Skipping candidate TestExecutionListener [org.springframework.test.context.jdbc.SqlScriptsTestExecutionListener] due to a missing dependency. Specify custom listener classes or make the default listener classes and their required dependencies available. Offending class: [org/springframework/transaction/interceptor/TransactionAttribute]
21:06:42.162 [Test worker] INFO org.springframework.test.context.support.DefaultTestContextBootstrapper - Using TestExecutionListeners: [org.springframework.test.context.web.ServletTestExecutionListener@7be58f16, org.springframework.test.context.support.DirtiesContextBeforeModesTestExecutionListener@242aa8d9, org.springframework.test.context.event.ApplicationEventsTestExecutionListener@5b11a194, org.springframework.boot.test.mock.mockito.MockitoTestExecutionListener@37bd68c3, org.springframework.test.context.support.DependencyInjectionTestExecutionListener@60f7cc1d, org.springframework.test.context.support.DirtiesContextTestExecutionListener@11eadcba, org.springframework.test.context.event.EventPublishingTestExecutionListener@4721d212, org.springframework.boot.test.autoconfigure.restdocs.RestDocsTestExecutionListener@1b065145, org.springframework.boot.test.autoconfigure.web.client.MockRestServiceServerResetTestExecutionListener@45cff11c, org.springframework.boot.test.autoconfigure.web.servlet.MockMvcPrintOnlyOnFailureTestExecutionListener@207ea13, org.springframework.boot.test.autoconfigure.web.servlet.WebDriverTestExecutionListener@4bff1903, org.springframework.boot.test.autoconfigure.webservices.client.MockWebServiceServerTestExecutionListener@62dae540, org.springframework.boot.test.mock.mockito.ResetMocksTestExecutionListener@5827af16]
21:06:42.175 [Test worker] DEBUG org.springframework.test.context.support.AbstractDirtiesContextTestExecutionListener - Before test class: context [DefaultTestContext@239b0f9d testClass = EmployeeServiceTest, testInstance = [null], testMethod = [null], testException = [null], mergedContextConfiguration = [MergedContextConfiguration@619bfe29 testClass = EmployeeServiceTest, locations = '{}', classes = '{class com.example.rqchallenge.employees.service.EmployeeService}', contextInitializerClasses = '[]', activeProfiles = '{}', propertySourceLocations = '{}', propertySourceProperties = '{api.baseUrl=baseUrl}', contextCustomizers = set[org.springframework.boot.test.autoconfigure.actuate.metrics.MetricsExportContextCustomizerFactory$DisableMetricExportContextCustomizer@a202ccb, org.springframework.boot.test.autoconfigure.properties.PropertyMappingContextCustomizer@0, org.springframework.boot.test.autoconfigure.web.servlet.WebDriverContextCustomizerFactory$Customizer@1af146, org.springframework.boot.test.context.filter.ExcludeFilterContextCustomizer@fb9c7aa, org.springframework.boot.test.json.DuplicateJsonObjectContextCustomizerFactory$DuplicateJsonObjectContextCustomizer@21baa903, org.springframework.boot.test.mock.mockito.MockitoContextCustomizer@24cec924], contextLoader = 'org.springframework.test.context.support.DelegatingSmartContextLoader', parent = [null]], attributes = map[[empty]]], class annotated with @DirtiesContext [false] with mode [null].
21:06:42.217 [Test worker] DEBUG org.springframework.test.context.support.AbstractDelegatingSmartContextLoader - Delegating to AnnotationConfigContextLoader to load context from [MergedContextConfiguration@619bfe29 testClass = EmployeeServiceTest, locations = '{}', classes = '{class com.example.rqchallenge.employees.service.EmployeeService}', contextInitializerClasses = '[]', activeProfiles = '{}', propertySourceLocations = '{}', propertySourceProperties = '{api.baseUrl=baseUrl}', contextCustomizers = set[org.springframework.boot.test.autoconfigure.actuate.metrics.MetricsExportContextCustomizerFactory$DisableMetricExportContextCustomizer@a202ccb, org.springframework.boot.test.autoconfigure.properties.PropertyMappingContextCustomizer@0, org.springframework.boot.test.autoconfigure.web.servlet.WebDriverContextCustomizerFactory$Customizer@1af146, org.springframework.boot.test.context.filter.ExcludeFilterContextCustomizer@fb9c7aa, org.springframework.boot.test.json.DuplicateJsonObjectContextCustomizerFactory$DuplicateJsonObjectContextCustomizer@21baa903, org.springframework.boot.test.mock.mockito.MockitoContextCustomizer@24cec924], contextLoader = 'org.springframework.test.context.support.DelegatingSmartContextLoader', parent = [null]].
21:06:42.218 [Test worker] DEBUG org.springframework.test.context.support.AbstractGenericContextLoader - Loading ApplicationContext for merged context configuration [[MergedContextConfiguration@619bfe29 testClass = EmployeeServiceTest, locations = '{}', classes = '{class com.example.rqchallenge.employees.service.EmployeeService}', contextInitializerClasses = '[]', activeProfiles = '{}', propertySourceLocations = '{}', propertySourceProperties = '{api.baseUrl=baseUrl}', contextCustomizers = set[org.springframework.boot.test.autoconfigure.actuate.metrics.MetricsExportContextCustomizerFactory$DisableMetricExportContextCustomizer@a202ccb, org.springframework.boot.test.autoconfigure.properties.PropertyMappingContextCustomizer@0, org.springframework.boot.test.autoconfigure.web.servlet.WebDriverContextCustomizerFactory$Customizer@1af146, org.springframework.boot.test.context.filter.ExcludeFilterContextCustomizer@fb9c7aa, org.springframework.boot.test.json.DuplicateJsonObjectContextCustomizerFactory$DuplicateJsonObjectContextCustomizer@21baa903, org.springframework.boot.test.mock.mockito.MockitoContextCustomizer@24cec924], contextLoader = 'org.springframework.test.context.support.DelegatingSmartContextLoader', parent = [null]]].
21:06:42.283 [Test worker] DEBUG org.springframework.core.env.StandardEnvironment - Activating profiles []
21:06:42.284 [Test worker] DEBUG org.springframework.test.context.support.TestPropertySourceUtils - Adding inlined properties to environment: {api.baseUrl=baseUrl}
21:06:42.285 [Test worker] DEBUG org.springframework.test.context.support.AnnotationConfigContextLoader - Registering component classes: {class com.example.rqchallenge.employees.service.EmployeeService}
21:06:42.393 [Test worker] DEBUG org.springframework.context.support.GenericApplicationContext - Refreshing org.springframework.context.support.GenericApplicationContext@3f1c5af9
21:06:42.417 [Test worker] DEBUG org.springframework.beans.factory.support.DefaultListableBeanFactory - Creating shared instance of singleton bean 'org.springframework.context.annotation.internalConfigurationAnnotationProcessor'
21:06:42.594 [Test worker] DEBUG org.springframework.beans.factory.support.DefaultListableBeanFactory - Creating shared instance of singleton bean 'org.springframework.boot.test.mock.mockito.MockitoPostProcessor'
21:06:46.051 [Test worker] DEBUG org.springframework.beans.factory.support.DefaultListableBeanFactory - Creating shared instance of singleton bean 'org.springframework.context.event.internalEventListenerProcessor'
21:06:46.054 [Test worker] DEBUG org.springframework.beans.factory.support.DefaultListableBeanFactory - Creating shared instance of singleton bean 'org.springframework.context.event.internalEventListenerFactory'
21:06:46.058 [Test worker] DEBUG org.springframework.beans.factory.support.DefaultListableBeanFactory - Creating shared instance of singleton bean 'org.springframework.context.annotation.internalAutowiredAnnotationProcessor'
21:06:46.064 [Test worker] DEBUG org.springframework.beans.factory.support.DefaultListableBeanFactory - Creating shared instance of singleton bean 'org.springframework.context.annotation.internalCommonAnnotationProcessor'
21:06:46.075 [Test worker] DEBUG org.springframework.beans.factory.support.DefaultListableBeanFactory - Creating shared instance of singleton bean 'org.springframework.boot.test.mock.mockito.MockitoPostProcessor$SpyPostProcessor'
21:06:46.098 [Test worker] DEBUG org.springframework.beans.factory.support.DefaultListableBeanFactory - Creating shared instance of singleton bean 'employeeService'
21:06:46.106 [Test worker] DEBUG org.springframework.beans.factory.support.DefaultListableBeanFactory - Autowiring by type from bean name 'employeeService' via constructor to bean named 'org.springframework.web.client.RestTemplate#0'
21:06:46.226 [Test worker] DEBUG org.springframework.core.env.PropertySourcesPropertyResolver - Found key 'api.baseUrl' in PropertySource 'Inlined Test Properties' with value of type String
21:06:46.314 [Test worker] DEBUG org.springframework.test.context.cache.DefaultCacheAwareContextLoaderDelegate - Storing ApplicationContext [1058822905] in cache under key [[MergedContextConfiguration@619bfe29 testClass = EmployeeServiceTest, locations = '{}', classes = '{class com.example.rqchallenge.employees.service.EmployeeService}', contextInitializerClasses = '[]', activeProfiles = '{}', propertySourceLocations = '{}', propertySourceProperties = '{api.baseUrl=baseUrl}', contextCustomizers = set[org.springframework.boot.test.autoconfigure.actuate.metrics.MetricsExportContextCustomizerFactory$DisableMetricExportContextCustomizer@a202ccb, org.springframework.boot.test.autoconfigure.properties.PropertyMappingContextCustomizer@0, org.springframework.boot.test.autoconfigure.web.servlet.WebDriverContextCustomizerFactory$Customizer@1af146, org.springframework.boot.test.context.filter.ExcludeFilterContextCustomizer@fb9c7aa, org.springframework.boot.test.json.DuplicateJsonObjectContextCustomizerFactory$DuplicateJsonObjectContextCustomizer@21baa903, org.springframework.boot.test.mock.mockito.MockitoContextCustomizer@24cec924], contextLoader = 'org.springframework.test.context.support.DelegatingSmartContextLoader', parent = [null]]]
21:06:46.317 [Test worker] DEBUG org.springframework.test.context.cache - Spring test ApplicationContext cache statistics: [DefaultContextCache@77774571 size = 1, maxSize = 32, parentContextCount = 0, hitCount = 0, missCount = 1]
21:06:46.325 [Test worker] DEBUG org.springframework.test.context.support.DependencyInjectionTestExecutionListener - Performing dependency injection for test context [[DefaultTestContext@239b0f9d testClass = EmployeeServiceTest, testInstance = com.example.rqchallenge.employees.service.EmployeeServiceTest@68d7a2df, testMethod = [null], testException = [null], mergedContextConfiguration = [MergedContextConfiguration@619bfe29 testClass = EmployeeServiceTest, locations = '{}', classes = '{class com.example.rqchallenge.employees.service.EmployeeService}', contextInitializerClasses = '[]', activeProfiles = '{}', propertySourceLocations = '{}', propertySourceProperties = '{api.baseUrl=baseUrl}', contextCustomizers = set[org.springframework.boot.test.autoconfigure.actuate.metrics.MetricsExportContextCustomizerFactory$DisableMetricExportContextCustomizer@a202ccb, org.springframework.boot.test.autoconfigure.properties.PropertyMappingContextCustomizer@0, org.springframework.boot.test.autoconfigure.web.servlet.WebDriverContextCustomizerFactory$Customizer@1af146, org.springframework.boot.test.context.filter.ExcludeFilterContextCustomizer@fb9c7aa, org.springframework.boot.test.json.DuplicateJsonObjectContextCustomizerFactory$DuplicateJsonObjectContextCustomizer@21baa903, org.springframework.boot.test.mock.mockito.MockitoContextCustomizer@24cec924], contextLoader = 'org.springframework.test.context.support.DelegatingSmartContextLoader', parent = [null]], attributes = map['org.springframework.test.context.event.ApplicationEventsTestExecutionListener.recordApplicationEvents' -> false]]].
21:06:46.342 [Test worker] DEBUG org.springframework.test.context.cache.DefaultCacheAwareContextLoaderDelegate - Retrieved ApplicationContext [1058822905] from cache with key [[MergedContextConfiguration@619bfe29 testClass = EmployeeServiceTest, locations = '{}', classes = '{class com.example.rqchallenge.employees.service.EmployeeService}', contextInitializerClasses = '[]', activeProfiles = '{}', propertySourceLocations = '{}', propertySourceProperties = '{api.baseUrl=baseUrl}', contextCustomizers = set[org.springframework.boot.test.autoconfigure.actuate.metrics.MetricsExportContextCustomizerFactory$DisableMetricExportContextCustomizer@a202ccb, org.springframework.boot.test.autoconfigure.properties.PropertyMappingContextCustomizer@0, org.springframework.boot.test.autoconfigure.web.servlet.WebDriverContextCustomizerFactory$Customizer@1af146, org.springframework.boot.test.context.filter.ExcludeFilterContextCustomizer@fb9c7aa, org.springframework.boot.test.json.DuplicateJsonObjectContextCustomizerFactory$DuplicateJsonObjectContextCustomizer@21baa903, org.springframework.boot.test.mock.mockito.MockitoContextCustomizer@24cec924], contextLoader = 'org.springframework.test.context.support.DelegatingSmartContextLoader', parent = [null]]]
21:06:46.345 [Test worker] DEBUG org.springframework.test.context.cache - Spring test ApplicationContext cache statistics: [DefaultContextCache@77774571 size = 1, maxSize = 32, parentContextCount = 0, hitCount = 1, missCount = 1]
21:06:46.361 [Test worker] DEBUG org.springframework.test.context.cache.DefaultCacheAwareContextLoaderDelegate - Retrieved ApplicationContext [1058822905] from cache with key [[MergedContextConfiguration@619bfe29 testClass = EmployeeServiceTest, locations = '{}', classes = '{class com.example.rqchallenge.employees.service.EmployeeService}', contextInitializerClasses = '[]', activeProfiles = '{}', propertySourceLocations = '{}', propertySourceProperties = '{api.baseUrl=baseUrl}', contextCustomizers = set[org.springframework.boot.test.autoconfigure.actuate.metrics.MetricsExportContextCustomizerFactory$DisableMetricExportContextCustomizer@a202ccb, org.springframework.boot.test.autoconfigure.properties.PropertyMappingContextCustomizer@0, org.springframework.boot.test.autoconfigure.web.servlet.WebDriverContextCustomizerFactory$Customizer@1af146, org.springframework.boot.test.context.filter.ExcludeFilterContextCustomizer@fb9c7aa, org.springframework.boot.test.json.DuplicateJsonObjectContextCustomizerFactory$DuplicateJsonObjectContextCustomizer@21baa903, org.springframework.boot.test.mock.mockito.MockitoContextCustomizer@24cec924], contextLoader = 'org.springframework.test.context.support.DelegatingSmartContextLoader', parent = [null]]]
21:06:46.361 [Test worker] DEBUG org.springframework.test.context.cache - Spring test ApplicationContext cache statistics: [DefaultContextCache@77774571 size = 1, maxSize = 32, parentContextCount = 0, hitCount = 2, missCount = 1]
21:06:46.405 [Test worker] DEBUG org.springframework.test.context.support.AbstractDirtiesContextTestExecutionListener - Before test method: context [DefaultTestContext@239b0f9d testClass = EmployeeServiceTest, testInstance = com.example.rqchallenge.employees.service.EmployeeServiceTest@68d7a2df, testMethod = testGetHighestSalaryOfEmployees2@EmployeeServiceTest, testException = [null], mergedContextConfiguration = [MergedContextConfiguration@619bfe29 testClass = EmployeeServiceTest, locations = '{}', classes = '{class com.example.rqchallenge.employees.service.EmployeeService}', contextInitializerClasses = '[]', activeProfiles = '{}', propertySourceLocations = '{}', propertySourceProperties = '{api.baseUrl=baseUrl}', contextCustomizers = set[org.springframework.boot.test.autoconfigure.actuate.metrics.MetricsExportContextCustomizerFactory$DisableMetricExportContextCustomizer@a202ccb, org.springframework.boot.test.autoconfigure.properties.PropertyMappingContextCustomizer@0, org.springframework.boot.test.autoconfigure.web.servlet.WebDriverContextCustomizerFactory$Customizer@1af146, org.springframework.boot.test.context.filter.ExcludeFilterContextCustomizer@fb9c7aa, org.springframework.boot.test.json.DuplicateJsonObjectContextCustomizerFactory$DuplicateJsonObjectContextCustomizer@21baa903, org.springframework.boot.test.mock.mockito.MockitoContextCustomizer@24cec924], contextLoader = 'org.springframework.test.context.support.DelegatingSmartContextLoader', parent = [null]], attributes = map['org.springframework.test.context.event.ApplicationEventsTestExecutionListener.recordApplicationEvents' -> false]], class annotated with @DirtiesContext [false] with mode [null], method annotated with @DirtiesContext [false] with mode [null].
21:06:46.406 [Test worker] DEBUG org.springframework.test.context.cache.DefaultCacheAwareContextLoaderDelegate - Retrieved ApplicationContext [1058822905] from cache with key [[MergedContextConfiguration@619bfe29 testClass = EmployeeServiceTest, locations = '{}', classes = '{class com.example.rqchallenge.employees.service.EmployeeService}', contextInitializerClasses = '[]', activeProfiles = '{}', propertySourceLocations = '{}', propertySourceProperties = '{api.baseUrl=baseUrl}', contextCustomizers = set[org.springframework.boot.test.autoconfigure.actuate.metrics.MetricsExportContextCustomizerFactory$DisableMetricExportContextCustomizer@a202ccb, org.springframework.boot.test.autoconfigure.properties.PropertyMappingContextCustomizer@0, org.springframework.boot.test.autoconfigure.web.servlet.WebDriverContextCustomizerFactory$Customizer@1af146, org.springframework.boot.test.context.filter.ExcludeFilterContextCustomizer@fb9c7aa, org.springframework.boot.test.json.DuplicateJsonObjectContextCustomizerFactory$DuplicateJsonObjectContextCustomizer@21baa903, org.springframework.boot.test.mock.mockito.MockitoContextCustomizer@24cec924], contextLoader = 'org.springframework.test.context.support.DelegatingSmartContextLoader', parent = [null]]]
21:06:46.407 [Test worker] DEBUG org.springframework.test.context.cache - Spring test ApplicationContext cache statistics: [DefaultContextCache@77774571 size = 1, maxSize = 32, parentContextCount = 0, hitCount = 3, missCount = 1]
21:06:46.409 [Test worker] DEBUG org.springframework.test.context.cache.DefaultCacheAwareContextLoaderDelegate - Retrieved ApplicationContext [1058822905] from cache with key [[MergedContextConfiguration@619bfe29 testClass = EmployeeServiceTest, locations = '{}', classes = '{class com.example.rqchallenge.employees.service.EmployeeService}', contextInitializerClasses = '[]', activeProfiles = '{}', propertySourceLocations = '{}', propertySourceProperties = '{api.baseUrl=baseUrl}', contextCustomizers = set[org.springframework.boot.test.autoconfigure.actuate.metrics.MetricsExportContextCustomizerFactory$DisableMetricExportContextCustomizer@a202ccb, org.springframework.boot.test.autoconfigure.properties.PropertyMappingContextCustomizer@0, org.springframework.boot.test.autoconfigure.web.servlet.WebDriverContextCustomizerFactory$Customizer@1af146, org.springframework.boot.test.context.filter.ExcludeFilterContextCustomizer@fb9c7aa, org.springframework.boot.test.json.DuplicateJsonObjectContextCustomizerFactory$DuplicateJsonObjectContextCustomizer@21baa903, org.springframework.boot.test.mock.mockito.MockitoContextCustomizer@24cec924], contextLoader = 'org.springframework.test.context.support.DelegatingSmartContextLoader', parent = [null]]]
21:06:46.409 [Test worker] DEBUG org.springframework.test.context.cache - Spring test ApplicationContext cache statistics: [DefaultContextCache@77774571 size = 1, maxSize = 32, parentContextCount = 0, hitCount = 4, missCount = 1]
21:06:46.420 [Test worker] DEBUG org.springframework.test.context.cache.DefaultCacheAwareContextLoaderDelegate - Retrieved ApplicationContext [1058822905] from cache with key [[MergedContextConfiguration@619bfe29 testClass = EmployeeServiceTest, locations = '{}', classes = '{class com.example.rqchallenge.employees.service.EmployeeService}', contextInitializerClasses = '[]', activeProfiles = '{}', propertySourceLocations = '{}', propertySourceProperties = '{api.baseUrl=baseUrl}', contextCustomizers = set[org.springframework.boot.test.autoconfigure.actuate.metrics.MetricsExportContextCustomizerFactory$DisableMetricExportContextCustomizer@a202ccb, org.springframework.boot.test.autoconfigure.properties.PropertyMappingContextCustomizer@0, org.springframework.boot.test.autoconfigure.web.servlet.WebDriverContextCustomizerFactory$Customizer@1af146, org.springframework.boot.test.context.filter.ExcludeFilterContextCustomizer@fb9c7aa, org.springframework.boot.test.json.DuplicateJsonObjectContextCustomizerFactory$DuplicateJsonObjectContextCustomizer@21baa903, org.springframework.boot.test.mock.mockito.MockitoContextCustomizer@24cec924], contextLoader = 'org.springframework.test.context.support.DelegatingSmartContextLoader', parent = [null]]]
21:06:46.421 [Test worker] DEBUG org.springframework.test.context.cache - Spring test ApplicationContext cache statistics: [DefaultContextCache@77774571 size = 1, maxSize = 32, parentContextCount = 0, hitCount = 5, missCount = 1]
21:06:46.713 [Test worker] DEBUG org.springframework.test.context.cache.DefaultCacheAwareContextLoaderDelegate - Retrieved ApplicationContext [1058822905] from cache with key [[MergedContextConfiguration@619bfe29 testClass = EmployeeServiceTest, locations = '{}', classes = '{class com.example.rqchallenge.employees.service.EmployeeService}', contextInitializerClasses = '[]', activeProfiles = '{}', propertySourceLocations = '{}', propertySourceProperties = '{api.baseUrl=baseUrl}', contextCustomizers = set[org.springframework.boot.test.autoconfigure.actuate.metrics.MetricsExportContextCustomizerFactory$DisableMetricExportContextCustomizer@a202ccb, org.springframework.boot.test.autoconfigure.properties.PropertyMappingContextCustomizer@0, org.springframework.boot.test.autoconfigure.web.servlet.WebDriverContextCustomizerFactory$Customizer@1af146, org.springframework.boot.test.context.filter.ExcludeFilterContextCustomizer@fb9c7aa, org.springframework.boot.test.json.DuplicateJsonObjectContextCustomizerFactory$DuplicateJsonObjectContextCustomizer@21baa903, org.springframework.boot.test.mock.mockito.MockitoContextCustomizer@24cec924], contextLoader = 'org.springframework.test.context.support.DelegatingSmartContextLoader', parent = [null]]]
21:06:46.714 [Test worker] DEBUG org.springframework.test.context.cache - Spring test ApplicationContext cache statistics: [DefaultContextCache@77774571 size = 1, maxSize = 32, parentContextCount = 0, hitCount = 6, missCount = 1]
21:06:46.720 [Test worker] DEBUG org.springframework.test.context.cache.DefaultCacheAwareContextLoaderDelegate - Retrieved ApplicationContext [1058822905] from cache with key [[MergedContextConfiguration@619bfe29 testClass = EmployeeServiceTest, locations = '{}', classes = '{class com.example.rqchallenge.employees.service.EmployeeService}', contextInitializerClasses = '[]', activeProfiles = '{}', propertySourceLocations = '{}', propertySourceProperties = '{api.baseUrl=baseUrl}', contextCustomizers = set[org.springframework.boot.test.autoconfigure.actuate.metrics.MetricsExportContextCustomizerFactory$DisableMetricExportContextCustomizer@a202ccb, org.springframework.boot.test.autoconfigure.properties.PropertyMappingContextCustomizer@0, org.springframework.boot.test.autoconfigure.web.servlet.WebDriverContextCustomizerFactory$Customizer@1af146, org.springframework.boot.test.context.filter.ExcludeFilterContextCustomizer@fb9c7aa, org.springframework.boot.test.json.DuplicateJsonObjectContextCustomizerFactory$DuplicateJsonObjectContextCustomizer@21baa903, org.springframework.boot.test.mock.mockito.MockitoContextCustomizer@24cec924], contextLoader = 'org.springframework.test.context.support.DelegatingSmartContextLoader', parent = [null]]]
21:06:46.720 [Test worker] DEBUG org.springframework.test.context.cache - Spring test ApplicationContext cache statistics: [DefaultContextCache@77774571 size = 1, maxSize = 32, parentContextCount = 0, hitCount = 7, missCount = 1]
21:06:46.722 [Test worker] DEBUG org.springframework.test.context.cache.DefaultCacheAwareContextLoaderDelegate - Retrieved ApplicationContext [1058822905] from cache with key [[MergedContextConfiguration@619bfe29 testClass = EmployeeServiceTest, locations = '{}', classes = '{class com.example.rqchallenge.employees.service.EmployeeService}', contextInitializerClasses = '[]', activeProfiles = '{}', propertySourceLocations = '{}', propertySourceProperties = '{api.baseUrl=baseUrl}', contextCustomizers = set[org.springframework.boot.test.autoconfigure.actuate.metrics.MetricsExportContextCustomizerFactory$DisableMetricExportContextCustomizer@a202ccb, org.springframework.boot.test.autoconfigure.properties.PropertyMappingContextCustomizer@0, org.springframework.boot.test.autoconfigure.web.servlet.WebDriverContextCustomizerFactory$Customizer@1af146, org.springframework.boot.test.context.filter.ExcludeFilterContextCustomizer@fb9c7aa, org.springframework.boot.test.json.DuplicateJsonObjectContextCustomizerFactory$DuplicateJsonObjectContextCustomizer@21baa903, org.springframework.boot.test.mock.mockito.MockitoContextCustomizer@24cec924], contextLoader = 'org.springframework.test.context.support.DelegatingSmartContextLoader', parent = [null]]]
21:06:46.722 [Test worker] DEBUG org.springframework.test.context.cache - Spring test ApplicationContext cache statistics: [DefaultContextCache@77774571 size = 1, maxSize = 32, parentContextCount = 0, hitCount = 8, missCount = 1]
21:06:46.723 [Test worker] DEBUG org.springframework.test.context.cache.DefaultCacheAwareContextLoaderDelegate - Retrieved ApplicationContext [1058822905] from cache with key [[MergedContextConfiguration@619bfe29 testClass = EmployeeServiceTest, locations = '{}', classes = '{class com.example.rqchallenge.employees.service.EmployeeService}', contextInitializerClasses = '[]', activeProfiles = '{}', propertySourceLocations = '{}', propertySourceProperties = '{api.baseUrl=baseUrl}', contextCustomizers = set[org.springframework.boot.test.autoconfigure.actuate.metrics.MetricsExportContextCustomizerFactory$DisableMetricExportContextCustomizer@a202ccb, org.springframework.boot.test.autoconfigure.properties.PropertyMappingContextCustomizer@0, org.springframework.boot.test.autoconfigure.web.servlet.WebDriverContextCustomizerFactory$Customizer@1af146, org.springframework.boot.test.context.filter.ExcludeFilterContextCustomizer@fb9c7aa, org.springframework.boot.test.json.DuplicateJsonObjectContextCustomizerFactory$DuplicateJsonObjectContextCustomizer@21baa903, org.springframework.boot.test.mock.mockito.MockitoContextCustomizer@24cec924], contextLoader = 'org.springframework.test.context.support.DelegatingSmartContextLoader', parent = [null]]]
21:06:46.723 [Test worker] DEBUG org.springframework.test.context.cache - Spring test ApplicationContext cache statistics: [DefaultContextCache@77774571 size = 1, maxSize = 32, parentContextCount = 0, hitCount = 9, missCount = 1]
21:06:46.728 [Test worker] DEBUG org.springframework.test.context.cache.DefaultCacheAwareContextLoaderDelegate - Retrieved ApplicationContext [1058822905] from cache with key [[MergedContextConfiguration@619bfe29 testClass = EmployeeServiceTest, locations = '{}', classes = '{class com.example.rqchallenge.employees.service.EmployeeService}', contextInitializerClasses = '[]', activeProfiles = '{}', propertySourceLocations = '{}', propertySourceProperties = '{api.baseUrl=baseUrl}', contextCustomizers = set[org.springframework.boot.test.autoconfigure.actuate.metrics.MetricsExportContextCustomizerFactory$DisableMetricExportContextCustomizer@a202ccb, org.springframework.boot.test.autoconfigure.properties.PropertyMappingContextCustomizer@0, org.springframework.boot.test.autoconfigure.web.servlet.WebDriverContextCustomizerFactory$Customizer@1af146, org.springframework.boot.test.context.filter.ExcludeFilterContextCustomizer@fb9c7aa, org.springframework.boot.test.json.DuplicateJsonObjectContextCustomizerFactory$DuplicateJsonObjectContextCustomizer@21baa903, org.springframework.boot.test.mock.mockito.MockitoContextCustomizer@24cec924], contextLoader = 'org.springframework.test.context.support.DelegatingSmartContextLoader', parent = [null]]]
21:06:46.729 [Test worker] DEBUG org.springframework.test.context.cache - Spring test ApplicationContext cache statistics: [DefaultContextCache@77774571 size = 1, maxSize = 32, parentContextCount = 0, hitCount = 10, missCount = 1]
21:06:46.737 [Test worker] DEBUG org.springframework.test.context.cache.DefaultCacheAwareContextLoaderDelegate - Retrieved ApplicationContext [1058822905] from cache with key [[MergedContextConfiguration@619bfe29 testClass = EmployeeServiceTest, locations = '{}', classes = '{class com.example.rqchallenge.employees.service.EmployeeService}', contextInitializerClasses = '[]', activeProfiles = '{}', propertySourceLocations = '{}', propertySourceProperties = '{api.baseUrl=baseUrl}', contextCustomizers = set[org.springframework.boot.test.autoconfigure.actuate.metrics.MetricsExportContextCustomizerFactory$DisableMetricExportContextCustomizer@a202ccb, org.springframework.boot.test.autoconfigure.properties.PropertyMappingContextCustomizer@0, org.springframework.boot.test.autoconfigure.web.servlet.WebDriverContextCustomizerFactory$Customizer@1af146, org.springframework.boot.test.context.filter.ExcludeFilterContextCustomizer@fb9c7aa, org.springframework.boot.test.json.DuplicateJsonObjectContextCustomizerFactory$DuplicateJsonObjectContextCustomizer@21baa903, org.springframework.boot.test.mock.mockito.MockitoContextCustomizer@24cec924], contextLoader = 'org.springframework.test.context.support.DelegatingSmartContextLoader', parent = [null]]]
21:06:46.738 [Test worker] DEBUG org.springframework.test.context.cache - Spring test ApplicationContext cache statistics: [DefaultContextCache@77774571 size = 1, maxSize = 32, parentContextCount = 0, hitCount = 11, missCount = 1]
21:06:46.740 [Test worker] DEBUG org.springframework.test.context.support.AbstractDirtiesContextTestExecutionListener - After test method: context [DefaultTestContext@239b0f9d testClass = EmployeeServiceTest, testInstance = com.example.rqchallenge.employees.service.EmployeeServiceTest@68d7a2df, testMethod = testGetHighestSalaryOfEmployees2@EmployeeServiceTest, testException = [null], mergedContextConfiguration = [MergedContextConfiguration@619bfe29 testClass = EmployeeServiceTest, locations = '{}', classes = '{class com.example.rqchallenge.employees.service.EmployeeService}', contextInitializerClasses = '[]', activeProfiles = '{}', propertySourceLocations = '{}', propertySourceProperties = '{api.baseUrl=baseUrl}', contextCustomizers = set[org.springframework.boot.test.autoconfigure.actuate.metrics.MetricsExportContextCustomizerFactory$DisableMetricExportContextCustomizer@a202ccb, org.springframework.boot.test.autoconfigure.properties.PropertyMappingContextCustomizer@0, org.springframework.boot.test.autoconfigure.web.servlet.WebDriverContextCustomizerFactory$Customizer@1af146, org.springframework.boot.test.context.filter.ExcludeFilterContextCustomizer@fb9c7aa, org.springframework.boot.test.json.DuplicateJsonObjectContextCustomizerFactory$DuplicateJsonObjectContextCustomizer@21baa903, org.springframework.boot.test.mock.mockito.MockitoContextCustomizer@24cec924], contextLoader = 'org.springframework.test.context.support.DelegatingSmartContextLoader', parent = [null]], attributes = map['org.springframework.test.context.event.ApplicationEventsTestExecutionListener.recordApplicationEvents' -> false]], class annotated with @DirtiesContext [false] with mode [null], method annotated with @DirtiesContext [false] with mode [null].
21:06:46.826 [Test worker] DEBUG org.springframework.test.context.cache.DefaultCacheAwareContextLoaderDelegate - Retrieved ApplicationContext [1058822905] from cache with key [[MergedContextConfiguration@619bfe29 testClass = EmployeeServiceTest, locations = '{}', classes = '{class com.example.rqchallenge.employees.service.EmployeeService}', contextInitializerClasses = '[]', activeProfiles = '{}', propertySourceLocations = '{}', propertySourceProperties = '{api.baseUrl=baseUrl}', contextCustomizers = set[org.springframework.boot.test.autoconfigure.actuate.metrics.MetricsExportContextCustomizerFactory$DisableMetricExportContextCustomizer@a202ccb, org.springframework.boot.test.autoconfigure.properties.PropertyMappingContextCustomizer@0, org.springframework.boot.test.autoconfigure.web.servlet.WebDriverContextCustomizerFactory$Customizer@1af146, org.springframework.boot.test.context.filter.ExcludeFilterContextCustomizer@fb9c7aa, org.springframework.boot.test.json.DuplicateJsonObjectContextCustomizerFactory$DuplicateJsonObjectContextCustomizer@21baa903, org.springframework.boot.test.mock.mockito.MockitoContextCustomizer@24cec924], contextLoader = 'org.springframework.test.context.support.DelegatingSmartContextLoader', parent = [null]]]
21:06:46.826 [Test worker] DEBUG org.springframework.test.context.cache - Spring test ApplicationContext cache statistics: [DefaultContextCache@77774571 size = 1, maxSize = 32, parentContextCount = 0, hitCount = 12, missCount = 1]
21:06:46.827 [Test worker] DEBUG org.springframework.test.context.support.DependencyInjectionTestExecutionListener - Performing dependency injection for test context [[DefaultTestContext@239b0f9d testClass = EmployeeServiceTest, testInstance = com.example.rqchallenge.employees.service.EmployeeServiceTest@2da66a44, testMethod = [null], testException = [null], mergedContextConfiguration = [MergedContextConfiguration@619bfe29 testClass = EmployeeServiceTest, locations = '{}', classes = '{class com.example.rqchallenge.employees.service.EmployeeService}', contextInitializerClasses = '[]', activeProfiles = '{}', propertySourceLocations = '{}', propertySourceProperties = '{api.baseUrl=baseUrl}', contextCustomizers = set[org.springframework.boot.test.autoconfigure.actuate.metrics.MetricsExportContextCustomizerFactory$DisableMetricExportContextCustomizer@a202ccb, org.springframework.boot.test.autoconfigure.properties.PropertyMappingContextCustomizer@0, org.springframework.boot.test.autoconfigure.web.servlet.WebDriverContextCustomizerFactory$Customizer@1af146, org.springframework.boot.test.context.filter.ExcludeFilterContextCustomizer@fb9c7aa, org.springframework.boot.test.json.DuplicateJsonObjectContextCustomizerFactory$DuplicateJsonObjectContextCustomizer@21baa903, org.springframework.boot.test.mock.mockito.MockitoContextCustomizer@24cec924], contextLoader = 'org.springframework.test.context.support.DelegatingSmartContextLoader', parent = [null]], attributes = map['org.springframework.test.context.event.ApplicationEventsTestExecutionListener.recordApplicationEvents' -> false]]].
21:06:46.836 [Test worker] DEBUG org.springframework.test.context.cache.DefaultCacheAwareContextLoaderDelegate - Retrieved ApplicationContext [1058822905] from cache with key [[MergedContextConfiguration@619bfe29 testClass = EmployeeServiceTest, locations = '{}', classes = '{class com.example.rqchallenge.employees.service.EmployeeService}', contextInitializerClasses = '[]', activeProfiles = '{}', propertySourceLocations = '{}', propertySourceProperties = '{api.baseUrl=baseUrl}', contextCustomizers = set[org.springframework.boot.test.autoconfigure.actuate.metrics.MetricsExportContextCustomizerFactory$DisableMetricExportContextCustomizer@a202ccb, org.springframework.boot.test.autoconfigure.properties.PropertyMappingContextCustomizer@0, org.springframework.boot.test.autoconfigure.web.servlet.WebDriverContextCustomizerFactory$Customizer@1af146, org.springframework.boot.test.context.filter.ExcludeFilterContextCustomizer@fb9c7aa, org.springframework.boot.test.json.DuplicateJsonObjectContextCustomizerFactory$DuplicateJsonObjectContextCustomizer@21baa903, org.springframework.boot.test.mock.mockito.MockitoContextCustomizer@24cec924], contextLoader = 'org.springframework.test.context.support.DelegatingSmartContextLoader', parent = [null]]]
21:06:46.838 [Test worker] DEBUG org.springframework.test.context.cache - Spring test ApplicationContext cache statistics: [DefaultContextCache@77774571 size = 1, maxSize = 32, parentContextCount = 0, hitCount = 13, missCount = 1]
21:06:46.842 [Test worker] DEBUG org.springframework.test.context.cache.DefaultCacheAwareContextLoaderDelegate - Retrieved ApplicationContext [1058822905] from cache with key [[MergedContextConfiguration@619bfe29 testClass = EmployeeServiceTest, locations = '{}', classes = '{class com.example.rqchallenge.employees.service.EmployeeService}', contextInitializerClasses = '[]', activeProfiles = '{}', propertySourceLocations = '{}', propertySourceProperties = '{api.baseUrl=baseUrl}', contextCustomizers = set[org.springframework.boot.test.autoconfigure.actuate.metrics.MetricsExportContextCustomizerFactory$DisableMetricExportContextCustomizer@a202ccb, org.springframework.boot.test.autoconfigure.properties.PropertyMappingContextCustomizer@0, org.springframework.boot.test.autoconfigure.web.servlet.WebDriverContextCustomizerFactory$Customizer@1af146, org.springframework.boot.test.context.filter.ExcludeFilterContextCustomizer@fb9c7aa, org.springframework.boot.test.json.DuplicateJsonObjectContextCustomizerFactory$DuplicateJsonObjectContextCustomizer@21baa903, org.springframework.boot.test.mock.mockito.MockitoContextCustomizer@24cec924], contextLoader = 'org.springframework.test.context.support.DelegatingSmartContextLoader', parent = [null]]]
21:06:46.843 [Test worker] DEBUG org.springframework.test.context.cache - Spring test ApplicationContext cache statistics: [DefaultContextCache@77774571 size = 1, maxSize = 32, parentContextCount = 0, hitCount = 14, missCount = 1]
21:06:46.862 [Test worker] DEBUG org.springframework.test.context.support.AbstractDirtiesContextTestExecutionListener - Before test method: context [DefaultTestContext@239b0f9d testClass = EmployeeServiceTest, testInstance = com.example.rqchallenge.employees.service.EmployeeServiceTest@2da66a44, testMethod = testGetHighestSalaryOfEmployees3@EmployeeServiceTest, testException = [null], mergedContextConfiguration = [MergedContextConfiguration@619bfe29 testClass = EmployeeServiceTest, locations = '{}', classes = '{class com.example.rqchallenge.employees.service.EmployeeService}', contextInitializerClasses = '[]', activeProfiles = '{}', propertySourceLocations = '{}', propertySourceProperties = '{api.baseUrl=baseUrl}', contextCustomizers = set[org.springframework.boot.test.autoconfigure.actuate.metrics.MetricsExportContextCustomizerFactory$DisableMetricExportContextCustomizer@a202ccb, org.springframework.boot.test.autoconfigure.properties.PropertyMappingContextCustomizer@0, org.springframework.boot.test.autoconfigure.web.servlet.WebDriverContextCustomizerFactory$Customizer@1af146, org.springframework.boot.test.context.filter.ExcludeFilterContextCustomizer@fb9c7aa, org.springframework.boot.test.json.DuplicateJsonObjectContextCustomizerFactory$DuplicateJsonObjectContextCustomizer@21baa903, org.springframework.boot.test.mock.mockito.MockitoContextCustomizer@24cec924], contextLoader = 'org.springframework.test.context.support.DelegatingSmartContextLoader', parent = [null]], attributes = map['org.springframework.test.context.event.ApplicationEventsTestExecutionListener.recordApplicationEvents' -> false]], class annotated with @DirtiesContext [false] with mode [null], method annotated with @DirtiesContext [false] with mode [null].
21:06:46.869 [Test worker] DEBUG org.springframework.test.context.cache.DefaultCacheAwareContextLoaderDelegate - Retrieved ApplicationContext [1058822905] from cache with key [[MergedContextConfiguration@619bfe29 testClass = EmployeeServiceTest, locations = '{}', classes = '{class com.example.rqchallenge.employees.service.EmployeeService}', contextInitializerClasses = '[]', activeProfiles = '{}', propertySourceLocations = '{}', propertySourceProperties = '{api.baseUrl=baseUrl}', contextCustomizers = set[org.springframework.boot.test.autoconfigure.actuate.metrics.MetricsExportContextCustomizerFactory$DisableMetricExportContextCustomizer@a202ccb, org.springframework.boot.test.autoconfigure.properties.PropertyMappingContextCustomizer@0, org.springframework.boot.test.autoconfigure.web.servlet.WebDriverContextCustomizerFactory$Customizer@1af146, org.springframework.boot.test.context.filter.ExcludeFilterContextCustomizer@fb9c7aa, org.springframework.boot.test.json.DuplicateJsonObjectContextCustomizerFactory$DuplicateJsonObjectContextCustomizer@21baa903, org.springframework.boot.test.mock.mockito.MockitoContextCustomizer@24cec924], contextLoader = 'org.springframework.test.context.support.DelegatingSmartContextLoader', parent = [null]]]
21:06:46.869 [Test worker] DEBUG org.springframework.test.context.cache - Spring test ApplicationContext cache statistics: [DefaultContextCache@77774571 size = 1, maxSize = 32, parentContextCount = 0, hitCount = 15, missCount = 1]
21:06:46.876 [Test worker] DEBUG org.springframework.test.context.cache.DefaultCacheAwareContextLoaderDelegate - Retrieved ApplicationContext [1058822905] from cache with key [[MergedContextConfiguration@619bfe29 testClass = EmployeeServiceTest, locations = '{}', classes = '{class com.example.rqchallenge.employees.service.EmployeeService}', contextInitializerClasses = '[]', activeProfiles = '{}', propertySourceLocations = '{}', propertySourceProperties = '{api.baseUrl=baseUrl}', contextCustomizers = set[org.springframework.boot.test.autoconfigure.actuate.metrics.MetricsExportContextCustomizerFactory$DisableMetricExportContextCustomizer@a202ccb, org.springframework.boot.test.autoconfigure.properties.PropertyMappingContextCustomizer@0, org.springframework.boot.test.autoconfigure.web.servlet.WebDriverContextCustomizerFactory$Customizer@1af146, org.springframework.boot.test.context.filter.ExcludeFilterContextCustomizer@fb9c7aa, org.springframework.boot.test.json.DuplicateJsonObjectContextCustomizerFactory$DuplicateJsonObjectContextCustomizer@21baa903, org.springframework.boot.test.mock.mockito.MockitoContextCustomizer@24cec924], contextLoader = 'org.springframework.test.context.support.DelegatingSmartContextLoader', parent = [null]]]
21:06:46.879 [Test worker] DEBUG org.springframework.test.context.cache - Spring test ApplicationContext cache statistics: [DefaultContextCache@77774571 size = 1, maxSize = 32, parentContextCount = 0, hitCount = 16, missCount = 1]
21:06:46.885 [Test worker] DEBUG org.springframework.test.context.cache.DefaultCacheAwareContextLoaderDelegate - Retrieved ApplicationContext [1058822905] from cache with key [[MergedContextConfiguration@619bfe29 testClass = EmployeeServiceTest, locations = '{}', classes = '{class com.example.rqchallenge.employees.service.EmployeeService}', contextInitializerClasses = '[]', activeProfiles = '{}', propertySourceLocations = '{}', propertySourceProperties = '{api.baseUrl=baseUrl}', contextCustomizers = set[org.springframework.boot.test.autoconfigure.actuate.metrics.MetricsExportContextCustomizerFactory$DisableMetricExportContextCustomizer@a202ccb, org.springframework.boot.test.autoconfigure.properties.PropertyMappingContextCustomizer@0, org.springframework.boot.test.autoconfigure.web.servlet.WebDriverContextCustomizerFactory$Customizer@1af146, org.springframework.boot.test.context.filter.ExcludeFilterContextCustomizer@fb9c7aa, org.springframework.boot.test.json.DuplicateJsonObjectContextCustomizerFactory$DuplicateJsonObjectContextCustomizer@21baa903, org.springframework.boot.test.mock.mockito.MockitoContextCustomizer@24cec924], contextLoader = 'org.springframework.test.context.support.DelegatingSmartContextLoader', parent = [null]]]
21:06:46.886 [Test worker] DEBUG org.springframework.test.context.cache - Spring test ApplicationContext cache statistics: [DefaultContextCache@77774571 size = 1, maxSize = 32, parentContextCount = 0, hitCount = 17, missCount = 1]
21:06:46.894 [Test worker] DEBUG org.springframework.test.context.cache.DefaultCacheAwareContextLoaderDelegate - Retrieved ApplicationContext [1058822905] from cache with key [[MergedContextConfiguration@619bfe29 testClass = EmployeeServiceTest, locations = '{}', classes = '{class com.example.rqchallenge.employees.service.EmployeeService}', contextInitializerClasses = '[]', activeProfiles = '{}', propertySourceLocations = '{}', propertySourceProperties = '{api.baseUrl=baseUrl}', contextCustomizers = set[org.springframework.boot.test.autoconfigure.actuate.metrics.MetricsExportContextCustomizerFactory$DisableMetricExportContextCustomizer@a202ccb, org.springframework.boot.test.autoconfigure.properties.PropertyMappingContextCustomizer@0, org.springframework.boot.test.autoconfigure.web.servlet.WebDriverContextCustomizerFactory$Customizer@1af146, org.springframework.boot.test.context.filter.ExcludeFilterContextCustomizer@fb9c7aa, org.springframework.boot.test.json.DuplicateJsonObjectContextCustomizerFactory$DuplicateJsonObjectContextCustomizer@21baa903, org.springframework.boot.test.mock.mockito.MockitoContextCustomizer@24cec924], contextLoader = 'org.springframework.test.context.support.DelegatingSmartContextLoader', parent = [null]]]
21:06:46.895 [Test worker] DEBUG org.springframework.test.context.cache - Spring test ApplicationContext cache statistics: [DefaultContextCache@77774571 size = 1, maxSize = 32, parentContextCount = 0, hitCount = 18, missCount = 1]
21:06:46.898 [Test worker] DEBUG org.springframework.test.context.cache.DefaultCacheAwareContextLoaderDelegate - Retrieved ApplicationContext [1058822905] from cache with key [[MergedContextConfiguration@619bfe29 testClass = EmployeeServiceTest, locations = '{}', classes = '{class com.example.rqchallenge.employees.service.EmployeeService}', contextInitializerClasses = '[]', activeProfiles = '{}', propertySourceLocations = '{}', propertySourceProperties = '{api.baseUrl=baseUrl}', contextCustomizers = set[org.springframework.boot.test.autoconfigure.actuate.metrics.MetricsExportContextCustomizerFactory$DisableMetricExportContextCustomizer@a202ccb, org.springframework.boot.test.autoconfigure.properties.PropertyMappingContextCustomizer@0, org.springframework.boot.test.autoconfigure.web.servlet.WebDriverContextCustomizerFactory$Customizer@1af146, org.springframework.boot.test.context.filter.ExcludeFilterContextCustomizer@fb9c7aa, org.springframework.boot.test.json.DuplicateJsonObjectContextCustomizerFactory$DuplicateJsonObjectContextCustomizer@21baa903, org.springframework.boot.test.mock.mockito.MockitoContextCustomizer@24cec924], contextLoader = 'org.springframework.test.context.support.DelegatingSmartContextLoader', parent = [null]]]
21:06:46.900 [Test worker] DEBUG org.springframework.test.context.cache - Spring test ApplicationContext cache statistics: [DefaultContextCache@77774571 size = 1, maxSize = 32, parentContextCount = 0, hitCount = 19, missCount = 1]
21:06:46.901 [Test worker] DEBUG org.springframework.test.context.cache.DefaultCacheAwareContextLoaderDelegate - Retrieved ApplicationContext [1058822905] from cache with key [[MergedContextConfiguration@619bfe29 testClass = EmployeeServiceTest, locations = '{}', classes = '{class com.example.rqchallenge.employees.service.EmployeeService}', contextInitializerClasses = '[]', activeProfiles = '{}', propertySourceLocations = '{}', propertySourceProperties = '{api.baseUrl=baseUrl}', contextCustomizers = set[org.springframework.boot.test.autoconfigure.actuate.metrics.MetricsExportContextCustomizerFactory$DisableMetricExportContextCustomizer@a202ccb, org.springframework.boot.test.autoconfigure.properties.PropertyMappingContextCustomizer@0, org.springframework.boot.test.autoconfigure.web.servlet.WebDriverContextCustomizerFactory$Customizer@1af146, org.springframework.boot.test.context.filter.ExcludeFilterContextCustomizer@fb9c7aa, org.springframework.boot.test.json.DuplicateJsonObjectContextCustomizerFactory$DuplicateJsonObjectContextCustomizer@21baa903, org.springframework.boot.test.mock.mockito.MockitoContextCustomizer@24cec924], contextLoader = 'org.springframework.test.context.support.DelegatingSmartContextLoader', parent = [null]]]
21:06:46.902 [Test worker] DEBUG org.springframework.test.context.cache - Spring test ApplicationContext cache statistics: [DefaultContextCache@77774571 size = 1, maxSize = 32, parentContextCount = 0, hitCount = 20, missCount = 1]
21:06:46.902 [Test worker] DEBUG org.springframework.test.context.cache.DefaultCacheAwareContextLoaderDelegate - Retrieved ApplicationContext [1058822905] from cache with key [[MergedContextConfiguration@619bfe29 testClass = EmployeeServiceTest, locations = '{}', classes = '{class com.example.rqchallenge.employees.service.EmployeeService}', contextInitializerClasses = '[]', activeProfiles = '{}', propertySourceLocations = '{}', propertySourceProperties = '{api.baseUrl=baseUrl}', contextCustomizers = set[org.springframework.boot.test.autoconfigure.actuate.metrics.MetricsExportContextCustomizerFactory$DisableMetricExportContextCustomizer@a202ccb, org.springframework.boot.test.autoconfigure.properties.PropertyMappingContextCustomizer@0, org.springframework.boot.test.autoconfigure.web.servlet.WebDriverContextCustomizerFactory$Customizer@1af146, org.springframework.boot.test.context.filter.ExcludeFilterContextCustomizer@fb9c7aa, org.springframework.boot.test.json.DuplicateJsonObjectContextCustomizerFactory$DuplicateJsonObjectContextCustomizer@21baa903, org.springframework.boot.test.mock.mockito.MockitoContextCustomizer@24cec924], contextLoader = 'org.springframework.test.context.support.DelegatingSmartContextLoader', parent = [null]]]
21:06:46.903 [Test worker] DEBUG org.springframework.test.context.cache - Spring test ApplicationContext cache statistics: [DefaultContextCache@77774571 size = 1, maxSize = 32, parentContextCount = 0, hitCount = 21, missCount = 1]
21:06:46.905 [Test worker] DEBUG org.springframework.test.context.cache.DefaultCacheAwareContextLoaderDelegate - Retrieved ApplicationContext [1058822905] from cache with key [[MergedContextConfiguration@619bfe29 testClass = EmployeeServiceTest, locations = '{}', classes = '{class com.example.rqchallenge.employees.service.EmployeeService}', contextInitializerClasses = '[]', activeProfiles = '{}', propertySourceLocations = '{}', propertySourceProperties = '{api.baseUrl=baseUrl}', contextCustomizers = set[org.springframework.boot.test.autoconfigure.actuate.metrics.MetricsExportContextCustomizerFactory$DisableMetricExportContextCustomizer@a202ccb, org.springframework.boot.test.autoconfigure.properties.PropertyMappingContextCustomizer@0, org.springframework.boot.test.autoconfigure.web.servlet.WebDriverContextCustomizerFactory$Customizer@1af146, org.springframework.boot.test.context.filter.ExcludeFilterContextCustomizer@fb9c7aa, org.springframework.boot.test.json.DuplicateJsonObjectContextCustomizerFactory$DuplicateJsonObjectContextCustomizer@21baa903, org.springframework.boot.test.mock.mockito.MockitoContextCustomizer@24cec924], contextLoader = 'org.springframework.test.context.support.DelegatingSmartContextLoader', parent = [null]]]
21:06:46.906 [Test worker] DEBUG org.springframework.test.context.cache - Spring test ApplicationContext cache statistics: [DefaultContextCache@77774571 size = 1, maxSize = 32, parentContextCount = 0, hitCount = 22, missCount = 1]
21:06:46.908 [Test worker] DEBUG org.springframework.test.context.cache.DefaultCacheAwareContextLoaderDelegate - Retrieved ApplicationContext [1058822905] from cache with key [[MergedContextConfiguration@619bfe29 testClass = EmployeeServiceTest, locations = '{}', classes = '{class com.example.rqchallenge.employees.service.EmployeeService}', contextInitializerClasses = '[]', activeProfiles = '{}', propertySourceLocations = '{}', propertySourceProperties = '{api.baseUrl=baseUrl}', contextCustomizers = set[org.springframework.boot.test.autoconfigure.actuate.metrics.MetricsExportContextCustomizerFactory$DisableMetricExportContextCustomizer@a202ccb, org.springframework.boot.test.autoconfigure.properties.PropertyMappingContextCustomizer@0, org.springframework.boot.test.autoconfigure.web.servlet.WebDriverContextCustomizerFactory$Customizer@1af146, org.springframework.boot.test.context.filter.ExcludeFilterContextCustomizer@fb9c7aa, org.springframework.boot.test.json.DuplicateJsonObjectContextCustomizerFactory$DuplicateJsonObjectContextCustomizer@21baa903, org.springframework.boot.test.mock.mockito.MockitoContextCustomizer@24cec924], contextLoader = 'org.springframework.test.context.support.DelegatingSmartContextLoader', parent = [null]]]
21:06:46.908 [Test worker] DEBUG org.springframework.test.context.cache - Spring test ApplicationContext cache statistics: [DefaultContextCache@77774571 size = 1, maxSize = 32, parentContextCount = 0, hitCount = 23, missCount = 1]
21:06:46.910 [Test worker] DEBUG org.springframework.test.context.support.AbstractDirtiesContextTestExecutionListener - After test method: context [DefaultTestContext@239b0f9d testClass = EmployeeServiceTest, testInstance = com.example.rqchallenge.employees.service.EmployeeServiceTest@2da66a44, testMethod = testGetHighestSalaryOfEmployees3@EmployeeServiceTest, testException = [null], mergedContextConfiguration = [MergedContextConfiguration@619bfe29 testClass = EmployeeServiceTest, locations = '{}', classes = '{class com.example.rqchallenge.employees.service.EmployeeService}', contextInitializerClasses = '[]', activeProfiles = '{}', propertySourceLocations = '{}', propertySourceProperties = '{api.baseUrl=baseUrl}', contextCustomizers = set[org.springframework.boot.test.autoconfigure.actuate.metrics.MetricsExportContextCustomizerFactory$DisableMetricExportContextCustomizer@a202ccb, org.springframework.boot.test.autoconfigure.properties.PropertyMappingContextCustomizer@0, org.springframework.boot.test.autoconfigure.web.servlet.WebDriverContextCustomizerFactory$Customizer@1af146, org.springframework.boot.test.context.filter.ExcludeFilterContextCustomizer@fb9c7aa, org.springframework.boot.test.json.DuplicateJsonObjectContextCustomizerFactory$DuplicateJsonObjectContextCustomizer@21baa903, org.springframework.boot.test.mock.mockito.MockitoContextCustomizer@24cec924], contextLoader = 'org.springframework.test.context.support.DelegatingSmartContextLoader', parent = [null]], attributes = map['org.springframework.test.context.event.ApplicationEventsTestExecutionListener.recordApplicationEvents' -> false]], class annotated with @DirtiesContext [false] with mode [null], method annotated with @DirtiesContext [false] with mode [null].
21:06:46.919 [Test worker] DEBUG org.springframework.test.context.cache.DefaultCacheAwareContextLoaderDelegate - Retrieved ApplicationContext [1058822905] from cache with key [[MergedContextConfiguration@619bfe29 testClass = EmployeeServiceTest, locations = '{}', classes = '{class com.example.rqchallenge.employees.service.EmployeeService}', contextInitializerClasses = '[]', activeProfiles = '{}', propertySourceLocations = '{}', propertySourceProperties = '{api.baseUrl=baseUrl}', contextCustomizers = set[org.springframework.boot.test.autoconfigure.actuate.metrics.MetricsExportContextCustomizerFactory$DisableMetricExportContextCustomizer@a202ccb, org.springframework.boot.test.autoconfigure.properties.PropertyMappingContextCustomizer@0, org.springframework.boot.test.autoconfigure.web.servlet.WebDriverContextCustomizerFactory$Customizer@1af146, org.springframework.boot.test.context.filter.ExcludeFilterContextCustomizer@fb9c7aa, org.springframework.boot.test.json.DuplicateJsonObjectContextCustomizerFactory$DuplicateJsonObjectContextCustomizer@21baa903, org.springframework.boot.test.mock.mockito.MockitoContextCustomizer@24cec924], contextLoader = 'org.springframework.test.context.support.DelegatingSmartContextLoader', parent = [null]]]
21:06:46.919 [Test worker] DEBUG org.springframework.test.context.cache - Spring test ApplicationContext cache statistics: [DefaultContextCache@77774571 size = 1, maxSize = 32, parentContextCount = 0, hitCount = 24, missCount = 1]
21:06:46.921 [Test worker] DEBUG org.springframework.test.context.support.DependencyInjectionTestExecutionListener - Performing dependency injection for test context [[DefaultTestContext@239b0f9d testClass = EmployeeServiceTest, testInstance = com.example.rqchallenge.employees.service.EmployeeServiceTest@61bfc9bf, testMethod = [null], testException = [null], mergedContextConfiguration = [MergedContextConfiguration@619bfe29 testClass = EmployeeServiceTest, locations = '{}', classes = '{class com.example.rqchallenge.employees.service.EmployeeService}', contextInitializerClasses = '[]', activeProfiles = '{}', propertySourceLocations = '{}', propertySourceProperties = '{api.baseUrl=baseUrl}', contextCustomizers = set[org.springframework.boot.test.autoconfigure.actuate.metrics.MetricsExportContextCustomizerFactory$DisableMetricExportContextCustomizer@a202ccb, org.springframework.boot.test.autoconfigure.properties.PropertyMappingContextCustomizer@0, org.springframework.boot.test.autoconfigure.web.servlet.WebDriverContextCustomizerFactory$Customizer@1af146, org.springframework.boot.test.context.filter.ExcludeFilterContextCustomizer@fb9c7aa, org.springframework.boot.test.json.DuplicateJsonObjectContextCustomizerFactory$DuplicateJsonObjectContextCustomizer@21baa903, org.springframework.boot.test.mock.mockito.MockitoContextCustomizer@24cec924], contextLoader = 'org.springframework.test.context.support.DelegatingSmartContextLoader', parent = [null]], attributes = map['org.springframework.test.context.event.ApplicationEventsTestExecutionListener.recordApplicationEvents' -> false]]].
21:06:46.922 [Test worker] DEBUG org.springframework.test.context.cache.DefaultCacheAwareContextLoaderDelegate - Retrieved ApplicationContext [1058822905] from cache with key [[MergedContextConfiguration@619bfe29 testClass = EmployeeServiceTest, locations = '{}', classes = '{class com.example.rqchallenge.employees.service.EmployeeService}', contextInitializerClasses = '[]', activeProfiles = '{}', propertySourceLocations = '{}', propertySourceProperties = '{api.baseUrl=baseUrl}', contextCustomizers = set[org.springframework.boot.test.autoconfigure.actuate.metrics.MetricsExportContextCustomizerFactory$DisableMetricExportContextCustomizer@a202ccb, org.springframework.boot.test.autoconfigure.properties.PropertyMappingContextCustomizer@0, org.springframework.boot.test.autoconfigure.web.servlet.WebDriverContextCustomizerFactory$Customizer@1af146, org.springframework.boot.test.context.filter.ExcludeFilterContextCustomizer@fb9c7aa, org.springframework.boot.test.json.DuplicateJsonObjectContextCustomizerFactory$DuplicateJsonObjectContextCustomizer@21baa903, org.springframework.boot.test.mock.mockito.MockitoContextCustomizer@24cec924], contextLoader = 'org.springframework.test.context.support.DelegatingSmartContextLoader', parent = [null]]]
21:06:46.922 [Test worker] DEBUG org.springframework.test.context.cache - Spring test ApplicationContext cache statistics: [DefaultContextCache@77774571 size = 1, maxSize = 32, parentContextCount = 0, hitCount = 25, missCount = 1]
21:06:46.923 [Test worker] DEBUG org.springframework.test.context.cache.DefaultCacheAwareContextLoaderDelegate - Retrieved ApplicationContext [1058822905] from cache with key [[MergedContextConfiguration@619bfe29 testClass = EmployeeServiceTest, locations = '{}', classes = '{class com.example.rqchallenge.employees.service.EmployeeService}', contextInitializerClasses = '[]', activeProfiles = '{}', propertySourceLocations = '{}', propertySourceProperties = '{api.baseUrl=baseUrl}', contextCustomizers = set[org.springframework.boot.test.autoconfigure.actuate.metrics.MetricsExportContextCustomizerFactory$DisableMetricExportContextCustomizer@a202ccb, org.springframework.boot.test.autoconfigure.properties.PropertyMappingContextCustomizer@0, org.springframework.boot.test.autoconfigure.web.servlet.WebDriverContextCustomizerFactory$Customizer@1af146, org.springframework.boot.test.context.filter.ExcludeFilterContextCustomizer@fb9c7aa, org.springframework.boot.test.json.DuplicateJsonObjectContextCustomizerFactory$DuplicateJsonObjectContextCustomizer@21baa903, org.springframework.boot.test.mock.mockito.MockitoContextCustomizer@24cec924], contextLoader = 'org.springframework.test.context.support.DelegatingSmartContextLoader', parent = [null]]]
21:06:46.925 [Test worker] DEBUG org.springframework.test.context.cache - Spring test ApplicationContext cache statistics: [DefaultContextCache@77774571 size = 1, maxSize = 32, parentContextCount = 0, hitCount = 26, missCount = 1]
21:06:46.931 [Test worker] DEBUG org.springframework.test.context.support.AbstractDirtiesContextTestExecutionListener - Before test method: context [DefaultTestContext@239b0f9d testClass = EmployeeServiceTest, testInstance = com.example.rqchallenge.employees.service.EmployeeServiceTest@61bfc9bf, testMethod = testGetHighestSalaryOfEmployees4@EmployeeServiceTest, testException = [null], mergedContextConfiguration = [MergedContextConfiguration@619bfe29 testClass = EmployeeServiceTest, locations = '{}', classes = '{class com.example.rqchallenge.employees.service.EmployeeService}', contextInitializerClasses = '[]', activeProfiles = '{}', propertySourceLocations = '{}', propertySourceProperties = '{api.baseUrl=baseUrl}', contextCustomizers = set[org.springframework.boot.test.autoconfigure.actuate.metrics.MetricsExportContextCustomizerFactory$DisableMetricExportContextCustomizer@a202ccb, org.springframework.boot.test.autoconfigure.properties.PropertyMappingContextCustomizer@0, org.springframework.boot.test.autoconfigure.web.servlet.WebDriverContextCustomizerFactory$Customizer@1af146, org.springframework.boot.test.context.filter.ExcludeFilterContextCustomizer@fb9c7aa, org.springframework.boot.test.json.DuplicateJsonObjectContextCustomizerFactory$DuplicateJsonObjectContextCustomizer@21baa903, org.springframework.boot.test.mock.mockito.MockitoContextCustomizer@24cec924], contextLoader = 'org.springframework.test.context.support.DelegatingSmartContextLoader', parent = [null]], attributes = map['org.springframework.test.context.event.ApplicationEventsTestExecutionListener.recordApplicationEvents' -> false]], class annotated with @DirtiesContext [false] with mode [null], method annotated with @DirtiesContext [false] with mode [null].
21:06:46.934 [Test worker] DEBUG org.springframework.test.context.cache.DefaultCacheAwareContextLoaderDelegate - Retrieved ApplicationContext [1058822905] from cache with key [[MergedContextConfiguration@619bfe29 testClass = EmployeeServiceTest, locations = '{}', classes = '{class com.example.rqchallenge.employees.service.EmployeeService}', contextInitializerClasses = '[]', activeProfiles = '{}', propertySourceLocations = '{}', propertySourceProperties = '{api.baseUrl=baseUrl}', contextCustomizers = set[org.springframework.boot.test.autoconfigure.actuate.metrics.MetricsExportContextCustomizerFactory$DisableMetricExportContextCustomizer@a202ccb, org.springframework.boot.test.autoconfigure.properties.PropertyMappingContextCustomizer@0, org.springframework.boot.test.autoconfigure.web.servlet.WebDriverContextCustomizerFactory$Customizer@1af146, org.springframework.boot.test.context.filter.ExcludeFilterContextCustomizer@fb9c7aa, org.springframework.boot.test.json.DuplicateJsonObjectContextCustomizerFactory$DuplicateJsonObjectContextCustomizer@21baa903, org.springframework.boot.test.mock.mockito.MockitoContextCustomizer@24cec924], contextLoader = 'org.springframework.test.context.support.DelegatingSmartContextLoader', parent = [null]]]
21:06:46.934 [Test worker] DEBUG org.springframework.test.context.cache - Spring test ApplicationContext cache statistics: [DefaultContextCache@77774571 size = 1, maxSize = 32, parentContextCount = 0, hitCount = 27, missCount = 1]
21:06:46.938 [Test worker] DEBUG org.springframework.test.context.cache.DefaultCacheAwareContextLoaderDelegate - Retrieved ApplicationContext [1058822905] from cache with key [[MergedContextConfiguration@619bfe29 testClass = EmployeeServiceTest, locations = '{}', classes = '{class com.example.rqchallenge.employees.service.EmployeeService}', contextInitializerClasses = '[]', activeProfiles = '{}', propertySourceLocations = '{}', propertySourceProperties = '{api.baseUrl=baseUrl}', contextCustomizers = set[org.springframework.boot.test.autoconfigure.actuate.metrics.MetricsExportContextCustomizerFactory$DisableMetricExportContextCustomizer@a202ccb, org.springframework.boot.test.autoconfigure.properties.PropertyMappingContextCustomizer@0, org.springframework.boot.test.autoconfigure.web.servlet.WebDriverContextCustomizerFactory$Customizer@1af146, org.springframework.boot.test.context.filter.ExcludeFilterContextCustomizer@fb9c7aa, org.springframework.boot.test.json.DuplicateJsonObjectContextCustomizerFactory$DuplicateJsonObjectContextCustomizer@21baa903, org.springframework.boot.test.mock.mockito.MockitoContextCustomizer@24cec924], contextLoader = 'org.springframework.test.context.support.DelegatingSmartContextLoader', parent = [null]]]
21:06:46.940 [Test worker] DEBUG org.springframework.test.context.cache - Spring test ApplicationContext cache statistics: [DefaultContextCache@77774571 size = 1, maxSize = 32, parentContextCount = 0, hitCount = 28, missCount = 1]
21:06:46.942 [Test worker] DEBUG org.springframework.test.context.cache.DefaultCacheAwareContextLoaderDelegate - Retrieved ApplicationContext [1058822905] from cache with key [[MergedContextConfiguration@619bfe29 testClass = EmployeeServiceTest, locations = '{}', classes = '{class com.example.rqchallenge.employees.service.EmployeeService}', contextInitializerClasses = '[]', activeProfiles = '{}', propertySourceLocations = '{}', propertySourceProperties = '{api.baseUrl=baseUrl}', contextCustomizers = set[org.springframework.boot.test.autoconfigure.actuate.metrics.MetricsExportContextCustomizerFactory$DisableMetricExportContextCustomizer@a202ccb, org.springframework.boot.test.autoconfigure.properties.PropertyMappingContextCustomizer@0, org.springframework.boot.test.autoconfigure.web.servlet.WebDriverContextCustomizerFactory$Customizer@1af146, org.springframework.boot.test.context.filter.ExcludeFilterContextCustomizer@fb9c7aa, org.springframework.boot.test.json.DuplicateJsonObjectContextCustomizerFactory$DuplicateJsonObjectContextCustomizer@21baa903, org.springframework.boot.test.mock.mockito.MockitoContextCustomizer@24cec924], contextLoader = 'org.springframework.test.context.support.DelegatingSmartContextLoader', parent = [null]]]
21:06:46.944 [Test worker] DEBUG org.springframework.test.context.cache - Spring test ApplicationContext cache statistics: [DefaultContextCache@77774571 size = 1, maxSize = 32, parentContextCount = 0, hitCount = 29, missCount = 1]
21:06:46.952 [Test worker] DEBUG org.springframework.test.context.cache.DefaultCacheAwareContextLoaderDelegate - Retrieved ApplicationContext [1058822905] from cache with key [[MergedContextConfiguration@619bfe29 testClass = EmployeeServiceTest, locations = '{}', classes = '{class com.example.rqchallenge.employees.service.EmployeeService}', contextInitializerClasses = '[]', activeProfiles = '{}', propertySourceLocations = '{}', propertySourceProperties = '{api.baseUrl=baseUrl}', contextCustomizers = set[org.springframework.boot.test.autoconfigure.actuate.metrics.MetricsExportContextCustomizerFactory$DisableMetricExportContextCustomizer@a202ccb, org.springframework.boot.test.autoconfigure.properties.PropertyMappingContextCustomizer@0, org.springframework.boot.test.autoconfigure.web.servlet.WebDriverContextCustomizerFactory$Customizer@1af146, org.springframework.boot.test.context.filter.ExcludeFilterContextCustomizer@fb9c7aa, org.springframework.boot.test.json.DuplicateJsonObjectContextCustomizerFactory$DuplicateJsonObjectContextCustomizer@21baa903, org.springframework.boot.test.mock.mockito.MockitoContextCustomizer@24cec924], contextLoader = 'org.springframework.test.context.support.DelegatingSmartContextLoader', parent = [null]]]
21:06:46.953 [Test worker] DEBUG org.springframework.test.context.cache - Spring test ApplicationContext cache statistics: [DefaultContextCache@77774571 size = 1, maxSize = 32, parentContextCount = 0, hitCount = 30, missCount = 1]
21:06:46.954 [Test worker] DEBUG org.springframework.test.context.cache.DefaultCacheAwareContextLoaderDelegate - Retrieved ApplicationContext [1058822905] from cache with key [[MergedContextConfiguration@619bfe29 testClass = EmployeeServiceTest, locations = '{}', classes = '{class com.example.rqchallenge.employees.service.EmployeeService}', contextInitializerClasses = '[]', activeProfiles = '{}', propertySourceLocations = '{}', propertySourceProperties = '{api.baseUrl=baseUrl}', contextCustomizers = set[org.springframework.boot.test.autoconfigure.actuate.metrics.MetricsExportContextCustomizerFactory$DisableMetricExportContextCustomizer@a202ccb, org.springframework.boot.test.autoconfigure.properties.PropertyMappingContextCustomizer@0, org.springframework.boot.test.autoconfigure.web.servlet.WebDriverContextCustomizerFactory$Customizer@1af146, org.springframework.boot.test.context.filter.ExcludeFilterContextCustomizer@fb9c7aa, org.springframework.boot.test.json.DuplicateJsonObjectContextCustomizerFactory$DuplicateJsonObjectContextCustomizer@21baa903, org.springframework.boot.test.mock.mockito.MockitoContextCustomizer@24cec924], contextLoader = 'org.springframework.test.context.support.DelegatingSmartContextLoader', parent = [null]]]
21:06:46.954 [Test worker] DEBUG org.springframework.test.context.cache - Spring test ApplicationContext cache statistics: [DefaultContextCache@77774571 size = 1, maxSize = 32, parentContextCount = 0, hitCount = 31, missCount = 1]
21:06:46.957 [Test worker] DEBUG org.springframework.test.context.cache.DefaultCacheAwareContextLoaderDelegate - Retrieved ApplicationContext [1058822905] from cache with key [[MergedContextConfiguration@619bfe29 testClass = EmployeeServiceTest, locations = '{}', classes = '{class com.example.rqchallenge.employees.service.EmployeeService}', contextInitializerClasses = '[]', activeProfiles = '{}', propertySourceLocations = '{}', propertySourceProperties = '{api.baseUrl=baseUrl}', contextCustomizers = set[org.springframework.boot.test.autoconfigure.actuate.metrics.MetricsExportContextCustomizerFactory$DisableMetricExportContextCustomizer@a202ccb, org.springframework.boot.test.autoconfigure.properties.PropertyMappingContextCustomizer@0, org.springframework.boot.test.autoconfigure.web.servlet.WebDriverContextCustomizerFactory$Customizer@1af146, org.springframework.boot.test.context.filter.ExcludeFilterContextCustomizer@fb9c7aa, org.springframework.boot.test.json.DuplicateJsonObjectContextCustomizerFactory$DuplicateJsonObjectContextCustomizer@21baa903, org.springframework.boot.test.mock.mockito.MockitoContextCustomizer@24cec924], contextLoader = 'org.springframework.test.context.support.DelegatingSmartContextLoader', parent = [null]]]
21:06:46.957 [Test worker] DEBUG org.springframework.test.context.cache - Spring test ApplicationContext cache statistics: [DefaultContextCache@77774571 size = 1, maxSize = 32, parentContextCount = 0, hitCount = 32, missCount = 1]
21:06:46.959 [Test worker] DEBUG org.springframework.test.context.cache.DefaultCacheAwareContextLoaderDelegate - Retrieved ApplicationContext [1058822905] from cache with key [[MergedContextConfiguration@619bfe29 testClass = EmployeeServiceTest, locations = '{}', classes = '{class com.example.rqchallenge.employees.service.EmployeeService}', contextInitializerClasses = '[]', activeProfiles = '{}', propertySourceLocations = '{}', propertySourceProperties = '{api.baseUrl=baseUrl}', contextCustomizers = set[org.springframework.boot.test.autoconfigure.actuate.metrics.MetricsExportContextCustomizerFactory$DisableMetricExportContextCustomizer@a202ccb, org.springframework.boot.test.autoconfigure.properties.PropertyMappingContextCustomizer@0, org.springframework.boot.test.autoconfigure.web.servlet.WebDriverContextCustomizerFactory$Customizer@1af146, org.springframework.boot.test.context.filter.ExcludeFilterContextCustomizer@fb9c7aa, org.springframework.boot.test.json.DuplicateJsonObjectContextCustomizerFactory$DuplicateJsonObjectContextCustomizer@21baa903, org.springframework.boot.test.mock.mockito.MockitoContextCustomizer@24cec924], contextLoader = 'org.springframework.test.context.support.DelegatingSmartContextLoader', parent = [null]]]
21:06:46.959 [Test worker] DEBUG org.springframework.test.context.cache - Spring test ApplicationContext cache statistics: [DefaultContextCache@77774571 size = 1, maxSize = 32, parentContextCount = 0, hitCount = 33, missCount = 1]
[...]
21:06:48.523 [Test worker] DEBUG org.springframework.test.context.support.AbstractDirtiesContextTestExecutionListener - Before test method: context [DefaultTestContext@239b0f9d testClass = EmployeeServiceTest, testInstance = com.example.rqchallenge.employees.service.EmployeeServiceTest@655a01d8, testMethod = testGetEmployeesByNameSearch@EmployeeServiceTest, testException = [null], mergedContextConfiguration = [MergedContextConfiguration@619bfe29 testClass = EmployeeServiceTest, locations = '{}', classes = '{class com.example.rqchallenge.employees.service.EmployeeService}', contextInitializerClasses = '[]', activeProfiles = '{}', propertySourceLocations = '{}', propertySourceProperties = '{api.baseUrl=baseUrl}', contextCustomizers = set[org.springframework.boot.test.autoconfigure.actuate.metrics.MetricsExportContextCustomizerFactory$DisableMetricExportContextCustomizer@a202ccb, org.springframework.boot.test.autoconfigure.properties.PropertyMappingContextCustomizer@0, org.springframework.boot.test.autoconfigure.web.servlet.WebDriverContextCustomizerFactory$Customizer@1af146, org.springframework.boot.test.context.filter.ExcludeFilterContextCustomizer@fb9c7aa, org.springframework.boot.test.json.DuplicateJsonObjectContextCustomizerFactory$DuplicateJsonObjectContextCustomizer@21baa903, org.springframework.boot.test.mock.mockito.MockitoContextCustomizer@24cec924], contextLoader = 'org.springframework.test.context.support.DelegatingSmartContextLoader', parent = [null]], attributes = map['org.springframework.test.context.event.ApplicationEventsTestExecutionListener.recordApplicationEvents' -> false]], class annotated with @DirtiesContext [false] with mode [null], method annotated with @DirtiesContext [false] with mode [null].
21:06:48.523 [Test worker] DEBUG org.springframework.test.context.cache.DefaultCacheAwareContextLoaderDelegate - Retrieved ApplicationContext [1058822905] from cache with key [[MergedContextConfiguration@619bfe29 testClass = EmployeeServiceTest, locations = '{}', classes = '{class com.example.rqchallenge.employees.service.EmployeeService}', contextInitializerClasses = '[]', activeProfiles = '{}', propertySourceLocations = '{}', propertySourceProperties = '{api.baseUrl=baseUrl}', contextCustomizers = set[org.springframework.boot.test.autoconfigure.actuate.metrics.MetricsExportContextCustomizerFactory$DisableMetricExportContextCustomizer@a202ccb, org.springframework.boot.test.autoconfigure.properties.PropertyMappingContextCustomizer@0, org.springframework.boot.test.autoconfigure.web.servlet.WebDriverContextCustomizerFactory$Customizer@1af146, org.springframework.boot.test.context.filter.ExcludeFilterContextCustomizer@fb9c7aa, org.springframework.boot.test.json.DuplicateJsonObjectContextCustomizerFactory$DuplicateJsonObjectContextCustomizer@21baa903, org.springframework.boot.test.mock.mockito.MockitoContextCustomizer@24cec924], contextLoader = 'org.springframework.test.context.support.DelegatingSmartContextLoader', parent = [null]]]
21:06:48.524 [Test worker] DEBUG org.springframework.test.context.cache - Spring test ApplicationContext cache statistics: [DefaultContextCache@77774571 size = 1, maxSize = 32, parentContextCount = 0, hitCount = 255, missCount = 1]
21:06:48.531 [Test worker] DEBUG org.springframework.test.context.cache.DefaultCacheAwareContextLoaderDelegate - Retrieved ApplicationContext [1058822905] from cache with key [[MergedContextConfiguration@619bfe29 testClass = EmployeeServiceTest, locations = '{}', classes = '{class com.example.rqchallenge.employees.service.EmployeeService}', contextInitializerClasses = '[]', activeProfiles = '{}', propertySourceLocations = '{}', propertySourceProperties = '{api.baseUrl=baseUrl}', contextCustomizers = set[org.springframework.boot.test.autoconfigure.actuate.metrics.MetricsExportContextCustomizerFactory$DisableMetricExportContextCustomizer@a202ccb, org.springframework.boot.test.autoconfigure.properties.PropertyMappingContextCustomizer@0, org.springframework.boot.test.autoconfigure.web.servlet.WebDriverContextCustomizerFactory$Customizer@1af146, org.springframework.boot.test.context.filter.ExcludeFilterContextCustomizer@fb9c7aa, org.springframework.boot.test.json.DuplicateJsonObjectContextCustomizerFactory$DuplicateJsonObjectContextCustomizer@21baa903, org.springframework.boot.test.mock.mockito.MockitoContextCustomizer@24cec924], contextLoader = 'org.springframework.test.context.support.DelegatingSmartContextLoader', parent = [null]]]
21:06:48.533 [Test worker] DEBUG org.springframework.test.context.cache - Spring test ApplicationContext cache statistics: [DefaultContextCache@77774571 size = 1, maxSize = 32, parentContextCount = 0, hitCount = 256, missCount = 1]
21:06:48.534 [Test worker] DEBUG org.springframework.test.context.cache.DefaultCacheAwareContextLoaderDelegate - Retrieved ApplicationContext [1058822905] from cache with key [[MergedContextConfiguration@619bfe29 testClass = EmployeeServiceTest, locations = '{}', classes = '{class com.example.rqchallenge.employees.service.EmployeeService}', contextInitializerClasses = '[]', activeProfiles = '{}', propertySourceLocations = '{}', propertySourceProperties = '{api.baseUrl=baseUrl}', contextCustomizers = set[org.springframework.boot.test.autoconfigure.actuate.metrics.MetricsExportContextCustomizerFactory$DisableMetricExportContextCustomizer@a202ccb, org.springframework.boot.test.autoconfigure.properties.PropertyMappingContextCustomizer@0, org.springframework.boot.test.autoconfigure.web.servlet.WebDriverContextCustomizerFactory$Customizer@1af146, org.springframework.boot.test.context.filter.ExcludeFilterContextCustomizer@fb9c7aa, org.springframework.boot.test.json.DuplicateJsonObjectContextCustomizerFactory$DuplicateJsonObjectContextCustomizer@21baa903, org.springframework.boot.test.mock.mockito.MockitoContextCustomizer@24cec924], contextLoader = 'org.springframework.test.context.support.DelegatingSmartContextLoader', parent = [null]]]
21:06:48.534 [Test worker] DEBUG org.springframework.test.context.cache - Spring test ApplicationContext cache statistics: [DefaultContextCache@77774571 size = 1, maxSize = 32, parentContextCount = 0, hitCount = 257, missCount = 1]
21:06:48.540 [Test worker] DEBUG org.springframework.test.context.cache.DefaultCacheAwareContextLoaderDelegate - Retrieved ApplicationContext [1058822905] from cache with key [[MergedContextConfiguration@619bfe29 testClass = EmployeeServiceTest, locations = '{}', classes = '{class com.example.rqchallenge.employees.service.EmployeeService}', contextInitializerClasses = '[]', activeProfiles = '{}', propertySourceLocations = '{}', propertySourceProperties = '{api.baseUrl=baseUrl}', contextCustomizers = set[org.springframework.boot.test.autoconfigure.actuate.metrics.MetricsExportContextCustomizerFactory$DisableMetricExportContextCustomizer@a202ccb, org.springframework.boot.test.autoconfigure.properties.PropertyMappingContextCustomizer@0, org.springframework.boot.test.autoconfigure.web.servlet.WebDriverContextCustomizerFactory$Customizer@1af146, org.springframework.boot.test.context.filter.ExcludeFilterContextCustomizer@fb9c7aa, org.springframework.boot.test.json.DuplicateJsonObjectContextCustomizerFactory$DuplicateJsonObjectContextCustomizer@21baa903, org.springframework.boot.test.mock.mockito.MockitoContextCustomizer@24cec924], contextLoader = 'org.springframework.test.context.support.DelegatingSmartContextLoader', parent = [null]]]
21:06:48.540 [Test worker] DEBUG org.springframework.test.context.cache - Spring test ApplicationContext cache statistics: [DefaultContextCache@77774571 size = 1, maxSize = 32, parentContextCount = 0, hitCount = 258, missCount = 1]
21:06:48.540 [Test worker] DEBUG org.springframework.test.context.cache.DefaultCacheAwareContextLoaderDelegate - Retrieved ApplicationContext [1058822905] from cache with key [[MergedContextConfiguration@619bfe29 testClass = EmployeeServiceTest, locations = '{}', classes = '{class com.example.rqchallenge.employees.service.EmployeeService}', contextInitializerClasses = '[]', activeProfiles = '{}', propertySourceLocations = '{}', propertySourceProperties = '{api.baseUrl=baseUrl}', contextCustomizers = set[org.springframework.boot.test.autoconfigure.actuate.metrics.MetricsExportContextCustomizerFactory$DisableMetricExportContextCustomizer@a202ccb, org.springframework.boot.test.autoconfigure.properties.PropertyMappingContextCustomizer@0, org.springframework.boot.test.autoconfigure.web.servlet.WebDriverContextCustomizerFactory$Customizer@1af146, org.springframework.boot.test.context.filter.ExcludeFilterContextCustomizer@fb9c7aa, org.springframework.boot.test.json.DuplicateJsonObjectContextCustomizerFactory$DuplicateJsonObjectContextCustomizer@21baa903, org.springframework.boot.test.mock.mockito.MockitoContextCustomizer@24cec924], contextLoader = 'org.springframework.test.context.support.DelegatingSmartContextLoader', parent = [null]]]
21:06:48.541 [Test worker] DEBUG org.springframework.test.context.cache - Spring test ApplicationContext cache statistics: [DefaultContextCache@77774571 size = 1, maxSize = 32, parentContextCount = 0, hitCount = 259, missCount = 1]
21:06:48.541 [Test worker] DEBUG org.springframework.test.context.cache.DefaultCacheAwareContextLoaderDelegate - Retrieved ApplicationContext [1058822905] from cache with key [[MergedContextConfiguration@619bfe29 testClass = EmployeeServiceTest, locations = '{}', classes = '{class com.example.rqchallenge.employees.service.EmployeeService}', contextInitializerClasses = '[]', activeProfiles = '{}', propertySourceLocations = '{}', propertySourceProperties = '{api.baseUrl=baseUrl}', contextCustomizers = set[org.springframework.boot.test.autoconfigure.actuate.metrics.MetricsExportContextCustomizerFactory$DisableMetricExportContextCustomizer@a202ccb, org.springframework.boot.test.autoconfigure.properties.PropertyMappingContextCustomizer@0, org.springframework.boot.test.autoconfigure.web.servlet.WebDriverContextCustomizerFactory$Customizer@1af146, org.springframework.boot.test.context.filter.ExcludeFilterContextCustomizer@fb9c7aa, org.springframework.boot.test.json.DuplicateJsonObjectContextCustomizerFactory$DuplicateJsonObjectContextCustomizer@21baa903, org.springframework.boot.test.mock.mockito.MockitoContextCustomizer@24cec924], contextLoader = 'org.springframework.test.context.support.DelegatingSmartContextLoader', parent = [null]]]
21:06:48.541 [Test worker] DEBUG org.springframework.test.context.cache - Spring test ApplicationContext cache statistics: [DefaultContextCache@77774571 size = 1, maxSize = 32, parentContextCount = 0, hitCount = 260, missCount = 1]
21:06:48.542 [Test worker] DEBUG org.springframework.test.context.cache.DefaultCacheAwareContextLoaderDelegate - Retrieved ApplicationContext [1058822905] from cache with key [[MergedContextConfiguration@619bfe29 testClass = EmployeeServiceTest, locations = '{}', classes = '{class com.example.rqchallenge.employees.service.EmployeeService}', contextInitializerClasses = '[]', activeProfiles = '{}', propertySourceLocations = '{}', propertySourceProperties = '{api.baseUrl=baseUrl}', contextCustomizers = set[org.springframework.boot.test.autoconfigure.actuate.metrics.MetricsExportContextCustomizerFactory$DisableMetricExportContextCustomizer@a202ccb, org.springframework.boot.test.autoconfigure.properties.PropertyMappingContextCustomizer@0, org.springframework.boot.test.autoconfigure.web.servlet.WebDriverContextCustomizerFactory$Customizer@1af146, org.springframework.boot.test.context.filter.ExcludeFilterContextCustomizer@fb9c7aa, org.springframework.boot.test.json.DuplicateJsonObjectContextCustomizerFactory$DuplicateJsonObjectContextCustomizer@21baa903, org.springframework.boot.test.mock.mockito.MockitoContextCustomizer@24cec924], contextLoader = 'org.springframework.test.context.support.DelegatingSmartContextLoader', parent = [null]]]
21:06:48.543 [Test worker] DEBUG org.springframework.test.context.cache - Spring test ApplicationContext cache statistics: [DefaultContextCache@77774571 size = 1, maxSize = 32, parentContextCount = 0, hitCount = 261, missCount = 1]
21:06:48.545 [Test worker] DEBUG org.springframework.test.context.cache.DefaultCacheAwareContextLoaderDelegate - Retrieved ApplicationContext [1058822905] from cache with key [[MergedContextConfiguration@619bfe29 testClass = EmployeeServiceTest, locations = '{}', classes = '{class com.example.rqchallenge.employees.service.EmployeeService}', contextInitializerClasses = '[]', activeProfiles = '{}', propertySourceLocations = '{}', propertySourceProperties = '{api.baseUrl=baseUrl}', contextCustomizers = set[org.springframework.boot.test.autoconfigure.actuate.metrics.MetricsExportContextCustomizerFactory$DisableMetricExportContextCustomizer@a202ccb, org.springframework.boot.test.autoconfigure.properties.PropertyMappingContextCustomizer@0, org.springframework.boot.test.autoconfigure.web.servlet.WebDriverContextCustomizerFactory$Customizer@1af146, org.springframework.boot.test.context.filter.ExcludeFilterContextCustomizer@fb9c7aa, org.springframework.boot.test.json.DuplicateJsonObjectContextCustomizerFactory$DuplicateJsonObjectContextCustomizer@21baa903, org.springframework.boot.test.mock.mockito.MockitoContextCustomizer@24cec924], contextLoader = 'org.springframework.test.context.support.DelegatingSmartContextLoader', parent = [null]]]
21:06:48.545 [Test worker] DEBUG org.springframework.test.context.cache - Spring test ApplicationContext cache statistics: [DefaultContextCache@77774571 size = 1, maxSize = 32, parentContextCount = 0, hitCount = 262, missCount = 1]
21:06:48.554 [Test worker] DEBUG org.springframework.test.context.cache.DefaultCacheAwareContextLoaderDelegate - Retrieved ApplicationContext [1058822905] from cache with key [[MergedContextConfiguration@619bfe29 testClass = EmployeeServiceTest, locations = '{}', classes = '{class com.example.rqchallenge.employees.service.EmployeeService}', contextInitializerClasses = '[]', activeProfiles = '{}', propertySourceLocations = '{}', propertySourceProperties = '{api.baseUrl=baseUrl}', contextCustomizers = set[org.springframework.boot.test.autoconfigure.actuate.metrics.MetricsExportContextCustomizerFactory$DisableMetricExportContextCustomizer@a202ccb, org.springframework.boot.test.autoconfigure.properties.PropertyMappingContextCustomizer@0, org.springframework.boot.test.autoconfigure.web.servlet.WebDriverContextCustomizerFactory$Customizer@1af146, org.springframework.boot.test.context.filter.ExcludeFilterContextCustomizer@fb9c7aa, org.springframework.boot.test.json.DuplicateJsonObjectContextCustomizerFactory$DuplicateJsonObjectContextCustomizer@21baa903, org.springframework.boot.test.mock.mockito.MockitoContextCustomizer@24cec924], contextLoader = 'org.springframework.test.context.support.DelegatingSmartContextLoader', parent = [null]]]
21:06:48.555 [Test worker] DEBUG org.springframework.test.context.cache - Spring test ApplicationContext cache statistics: [DefaultContextCache@77774571 size = 1, maxSize = 32, parentContextCount = 0, hitCount = 263, missCount = 1]
21:06:48.556 [Test worker] DEBUG org.springframework.test.context.support.AbstractDirtiesContextTestExecutionListener - After test method: context [DefaultTestContext@239b0f9d testClass = EmployeeServiceTest, testInstance = com.example.rqchallenge.employees.service.EmployeeServiceTest@655a01d8, testMethod = testGetEmployeesByNameSearch@EmployeeServiceTest, testException = [null], mergedContextConfiguration = [MergedContextConfiguration@619bfe29 testClass = EmployeeServiceTest, locations = '{}', classes = '{class com.example.rqchallenge.employees.service.EmployeeService}', contextInitializerClasses = '[]', activeProfiles = '{}', propertySourceLocations = '{}', propertySourceProperties = '{api.baseUrl=baseUrl}', contextCustomizers = set[org.springframework.boot.test.autoconfigure.actuate.metrics.MetricsExportContextCustomizerFactory$DisableMetricExportContextCustomizer@a202ccb, org.springframework.boot.test.autoconfigure.properties.PropertyMappingContextCustomizer@0, org.springframework.boot.test.autoconfigure.web.servlet.WebDriverContextCustomizerFactory$Customizer@1af146, org.springframework.boot.test.context.filter.ExcludeFilterContextCustomizer@fb9c7aa, org.springframework.boot.test.json.DuplicateJsonObjectContextCustomizerFactory$DuplicateJsonObjectContextCustomizer@21baa903, org.springframework.boot.test.mock.mockito.MockitoContextCustomizer@24cec924], contextLoader = 'org.springframework.test.context.support.DelegatingSmartContextLoader', parent = [null]], attributes = map['org.springframework.test.context.event.ApplicationEventsTestExecutionListener.recordApplicationEvents' -> false]], class annotated with @DirtiesContext [false] with mode [null], method annotated with @DirtiesContext [false] with mode [null].
21:06:48.565 [Test worker] DEBUG org.springframework.test.context.cache.DefaultCacheAwareContextLoaderDelegate - Retrieved ApplicationContext [1058822905] from cache with key [[MergedContextConfiguration@619bfe29 testClass = EmployeeServiceTest, locations = '{}', classes = '{class com.example.rqchallenge.employees.service.EmployeeService}', contextInitializerClasses = '[]', activeProfiles = '{}', propertySourceLocations = '{}', propertySourceProperties = '{api.baseUrl=baseUrl}', contextCustomizers = set[org.springframework.boot.test.autoconfigure.actuate.metrics.MetricsExportContextCustomizerFactory$DisableMetricExportContextCustomizer@a202ccb, org.springframework.boot.test.autoconfigure.properties.PropertyMappingContextCustomizer@0, org.springframework.boot.test.autoconfigure.web.servlet.WebDriverContextCustomizerFactory$Customizer@1af146, org.springframework.boot.test.context.filter.ExcludeFilterContextCustomizer@fb9c7aa, org.springframework.boot.test.json.DuplicateJsonObjectContextCustomizerFactory$DuplicateJsonObjectContextCustomizer@21baa903, org.springframework.boot.test.mock.mockito.MockitoContextCustomizer@24cec924], contextLoader = 'org.springframework.test.context.support.DelegatingSmartContextLoader', parent = [null]]]
21:06:48.565 [Test worker] DEBUG org.springframework.test.context.cache - Spring test ApplicationContext cache statistics: [DefaultContextCache@77774571 size = 1, maxSize = 32, parentContextCount = 0, hitCount = 264, missCount = 1]
21:06:48.566 [Test worker] DEBUG org.springframework.test.context.support.AbstractDirtiesContextTestExecutionListener - After test class: context [DefaultTestContext@239b0f9d testClass = EmployeeServiceTest, testInstance = [null], testMethod = [null], testException = [null], mergedContextConfiguration = [MergedContextConfiguration@619bfe29 testClass = EmployeeServiceTest, locations = '{}', classes = '{class com.example.rqchallenge.employees.service.EmployeeService}', contextInitializerClasses = '[]', activeProfiles = '{}', propertySourceLocations = '{}', propertySourceProperties = '{api.baseUrl=baseUrl}', contextCustomizers = set[org.springframework.boot.test.autoconfigure.actuate.metrics.MetricsExportContextCustomizerFactory$DisableMetricExportContextCustomizer@a202ccb, org.springframework.boot.test.autoconfigure.properties.PropertyMappingContextCustomizer@0, org.springframework.boot.test.autoconfigure.web.servlet.WebDriverContextCustomizerFactory$Customizer@1af146, org.springframework.boot.test.context.filter.ExcludeFilterContextCustomizer@fb9c7aa, org.springframework.boot.test.json.DuplicateJsonObjectContextCustomizerFactory$DuplicateJsonObjectContextCustomizer@21baa903, org.springframework.boot.test.mock.mockito.MockitoContextCustomizer@24cec924], contextLoader = 'org.springframework.test.context.support.DelegatingSmartContextLoader', parent = [null]], attributes = map['org.springframework.test.context.event.ApplicationEventsTestExecutionListener.recordApplicationEvents' -> false]], class annotated with @DirtiesContext [false] with mode [null].
]]></system-out>
  <system-err><![CDATA[]]></system-err>
</testsuite>
